[DEBUG] 2016-08-16 12:21:19.140 [main] DataConfig$$EnhancerBySpringCGLIB$$28627e04 - Starting datasource driver...
[DEBUG] 2016-08-16 12:21:19.549 [main] DataConfig$$EnhancerBySpringCGLIB$$28627e04 - Starting EntityManager...
[DEBUG] 2016-08-16 12:21:21.309 [main] DataConfig$$EnhancerBySpringCGLIB$$28627e04 - Starting TransactionManager...
[DEBUG] 2016-08-16 12:23:46.131 [main] DataConfig$$EnhancerBySpringCGLIB$$785758b4 - Starting datasource driver...
[DEBUG] 2016-08-16 12:23:46.552 [main] DataConfig$$EnhancerBySpringCGLIB$$785758b4 - Starting EntityManager...
[DEBUG] 2016-08-16 12:23:48.914 [main] DataConfig$$EnhancerBySpringCGLIB$$785758b4 - Starting TransactionManager...
[DEBUG] 2016-08-16 12:29:17.166 [main] DataConfig$$EnhancerBySpringCGLIB$$a12a7166 - Starting datasource driver...
[DEBUG] 2016-08-16 12:29:17.512 [main] DataConfig$$EnhancerBySpringCGLIB$$a12a7166 - Starting EntityManager...
[DEBUG] 2016-08-16 12:29:19.479 [main] DataConfig$$EnhancerBySpringCGLIB$$a12a7166 - Starting TransactionManager...
[DEBUG] 2016-08-16 12:29:51.749 [main] DataConfig$$EnhancerBySpringCGLIB$$81dffc17 - Starting datasource driver...
[DEBUG] 2016-08-16 12:29:52.086 [main] DataConfig$$EnhancerBySpringCGLIB$$81dffc17 - Starting EntityManager...
[DEBUG] 2016-08-16 12:29:53.811 [main] DataConfig$$EnhancerBySpringCGLIB$$81dffc17 - Starting TransactionManager...
[DEBUG] 2016-08-16 23:00:56.676 [main] DataConfig$$EnhancerBySpringCGLIB$$ce8ffd93 - Starting datasource driver...
[DEBUG] 2016-08-16 23:00:57.070 [main] DataConfig$$EnhancerBySpringCGLIB$$ce8ffd93 - Starting EntityManager...
[DEBUG] 2016-08-16 23:00:59.054 [main] DataConfig$$EnhancerBySpringCGLIB$$ce8ffd93 - Starting TransactionManager...
[DEBUG] 2016-08-16 23:00:59.499 [main] DataConfig$$EnhancerBySpringCGLIB$$ce8ffd93 - Configuring Liquibase
[DEBUG] 2016-08-16 23:02:16.325 [main] DataConfig$$EnhancerBySpringCGLIB$$ce8ffd93 - Starting datasource driver...
[DEBUG] 2016-08-16 23:02:16.666 [main] DataConfig$$EnhancerBySpringCGLIB$$ce8ffd93 - Starting EntityManager...
[DEBUG] 2016-08-16 23:02:18.576 [main] DataConfig$$EnhancerBySpringCGLIB$$ce8ffd93 - Starting TransactionManager...
[DEBUG] 2016-08-16 23:02:19.010 [main] DataConfig$$EnhancerBySpringCGLIB$$ce8ffd93 - Configuring Liquibase
[DEBUG] 2016-08-16 23:32:39.324 [main] DataConfig$$EnhancerBySpringCGLIB$$ce8ffd93 - Starting datasource driver...
[DEBUG] 2016-08-16 23:32:39.671 [main] DataConfig$$EnhancerBySpringCGLIB$$ce8ffd93 - Starting EntityManager...
[DEBUG] 2016-08-16 23:32:41.530 [main] DataConfig$$EnhancerBySpringCGLIB$$ce8ffd93 - Starting TransactionManager...
[DEBUG] 2016-08-16 23:32:41.937 [main] DataConfig$$EnhancerBySpringCGLIB$$ce8ffd93 - Configuring Liquibase
[DEBUG] 2016-08-16 23:38:52.258 [main] DataConfig$$EnhancerBySpringCGLIB$$ce8ffd93 - Starting datasource driver...
[DEBUG] 2016-08-16 23:38:52.592 [main] DataConfig$$EnhancerBySpringCGLIB$$ce8ffd93 - Starting EntityManager...
[DEBUG] 2016-08-16 23:38:54.479 [main] DataConfig$$EnhancerBySpringCGLIB$$ce8ffd93 - Starting TransactionManager...
[DEBUG] 2016-08-16 23:38:54.890 [main] DataConfig$$EnhancerBySpringCGLIB$$ce8ffd93 - Configuring Liquibase
[DEBUG] 2016-08-16 23:39:48.549 [main] DataConfig$$EnhancerBySpringCGLIB$$b8b46246 - Starting datasource driver...
[DEBUG] 2016-08-16 23:39:48.885 [main] DataConfig$$EnhancerBySpringCGLIB$$b8b46246 - Starting EntityManager...
[DEBUG] 2016-08-16 23:39:51.001 [main] DataConfig$$EnhancerBySpringCGLIB$$b8b46246 - Starting TransactionManager...
[DEBUG] 2016-08-16 23:39:51.434 [main] DataConfig$$EnhancerBySpringCGLIB$$b8b46246 - Configuring Liquibase
[DEBUG] 2016-08-16 23:40:57.434 [main] DataConfig$$EnhancerBySpringCGLIB$$b8b46246 - Starting datasource driver...
[DEBUG] 2016-08-16 23:40:57.765 [main] DataConfig$$EnhancerBySpringCGLIB$$b8b46246 - Starting EntityManager...
[DEBUG] 2016-08-16 23:40:59.894 [main] DataConfig$$EnhancerBySpringCGLIB$$b8b46246 - Starting TransactionManager...
[DEBUG] 2016-08-16 23:41:00.311 [main] DataConfig$$EnhancerBySpringCGLIB$$b8b46246 - Configuring Liquibase
[DEBUG] 2016-08-16 23:41:16.441 [main] DataConfig$$EnhancerBySpringCGLIB$$ce8ffd93 - Starting datasource driver...
[DEBUG] 2016-08-16 23:41:16.776 [main] DataConfig$$EnhancerBySpringCGLIB$$ce8ffd93 - Starting EntityManager...
[DEBUG] 2016-08-16 23:41:18.724 [main] DataConfig$$EnhancerBySpringCGLIB$$ce8ffd93 - Starting TransactionManager...
[DEBUG] 2016-08-16 23:41:19.167 [main] DataConfig$$EnhancerBySpringCGLIB$$ce8ffd93 - Configuring Liquibase
[DEBUG] 2016-08-16 23:44:23.033 [main] DataConfig$$EnhancerBySpringCGLIB$$ce8ffd93 - Starting datasource driver...
[DEBUG] 2016-08-16 23:44:23.369 [main] DataConfig$$EnhancerBySpringCGLIB$$ce8ffd93 - Starting EntityManager...
[DEBUG] 2016-08-16 23:44:25.190 [main] DataConfig$$EnhancerBySpringCGLIB$$ce8ffd93 - Starting TransactionManager...
[DEBUG] 2016-08-16 23:44:25.653 [main] DataConfig$$EnhancerBySpringCGLIB$$ce8ffd93 - Configuring Liquibase
[DEBUG] 2016-08-16 23:45:22.850 [main] DataConfig$$EnhancerBySpringCGLIB$$ce8ffd93 - Starting datasource driver...
[DEBUG] 2016-08-16 23:45:23.203 [main] DataConfig$$EnhancerBySpringCGLIB$$ce8ffd93 - Starting EntityManager...
[DEBUG] 2016-08-16 23:45:25.177 [main] DataConfig$$EnhancerBySpringCGLIB$$ce8ffd93 - Starting TransactionManager...
[DEBUG] 2016-08-16 23:45:25.585 [main] DataConfig$$EnhancerBySpringCGLIB$$ce8ffd93 - Configuring Liquibase
[DEBUG] 2016-08-16 23:49:24.191 [main] DataConfig$$EnhancerBySpringCGLIB$$ce8ffd93 - Starting datasource driver...
[DEBUG] 2016-08-16 23:49:24.533 [main] DataConfig$$EnhancerBySpringCGLIB$$ce8ffd93 - Starting EntityManager...
[DEBUG] 2016-08-16 23:49:26.542 [main] DataConfig$$EnhancerBySpringCGLIB$$ce8ffd93 - Starting TransactionManager...
[DEBUG] 2016-08-16 23:49:26.964 [main] DataConfig$$EnhancerBySpringCGLIB$$ce8ffd93 - Configuring Liquibase
[DEBUG] 2016-08-16 23:53:34.043 [main] DataConfig$$EnhancerBySpringCGLIB$$60527f0a - Starting datasource driver...
[DEBUG] 2016-08-16 23:53:34.384 [main] DataConfig$$EnhancerBySpringCGLIB$$60527f0a - Starting EntityManager...
[DEBUG] 2016-08-16 23:53:36.466 [main] DataConfig$$EnhancerBySpringCGLIB$$60527f0a - Starting TransactionManager...
[DEBUG] 2016-08-16 23:53:36.903 [main] DataConfig$$EnhancerBySpringCGLIB$$60527f0a - Configuring Liquibase
[DEBUG] 2016-08-16 23:58:22.002 [main] DataConfig$$EnhancerBySpringCGLIB$$60527f0a - Starting datasource driver...
[DEBUG] 2016-08-16 23:58:22.362 [main] DataConfig$$EnhancerBySpringCGLIB$$60527f0a - Starting EntityManager...
[DEBUG] 2016-08-16 23:58:24.393 [main] DataConfig$$EnhancerBySpringCGLIB$$60527f0a - Starting TransactionManager...
[DEBUG] 2016-08-16 23:58:24.813 [main] DataConfig$$EnhancerBySpringCGLIB$$60527f0a - Configuring Liquibase
[DEBUG] 2016-08-16 23:59:10.767 [main] DataConfig$$EnhancerBySpringCGLIB$$60527f0a - Starting datasource driver...
[DEBUG] 2016-08-16 23:59:11.206 [main] DataConfig$$EnhancerBySpringCGLIB$$60527f0a - Starting EntityManager...
[DEBUG] 2016-08-16 23:59:13.016 [main] DataConfig$$EnhancerBySpringCGLIB$$60527f0a - Starting TransactionManager...
[DEBUG] 2016-08-16 23:59:13.438 [main] DataConfig$$EnhancerBySpringCGLIB$$60527f0a - Configuring Liquibase
[DEBUG] 2016-08-17 00:02:13.798 [main] DataConfig$$EnhancerBySpringCGLIB$$60527f0a - Starting datasource driver...
[DEBUG] 2016-08-17 00:02:14.141 [main] DataConfig$$EnhancerBySpringCGLIB$$60527f0a - Starting EntityManager...
[DEBUG] 2016-08-17 00:02:15.954 [main] DataConfig$$EnhancerBySpringCGLIB$$60527f0a - Starting TransactionManager...
[DEBUG] 2016-08-17 00:02:16.399 [main] DataConfig$$EnhancerBySpringCGLIB$$60527f0a - Configuring Liquibase
[DEBUG] 2016-08-17 00:03:11.098 [main] DataConfig$$EnhancerBySpringCGLIB$$60527f0a - Starting datasource driver...
[DEBUG] 2016-08-17 00:03:11.434 [main] DataConfig$$EnhancerBySpringCGLIB$$60527f0a - Starting EntityManager...
[DEBUG] 2016-08-17 00:03:13.271 [main] DataConfig$$EnhancerBySpringCGLIB$$60527f0a - Starting TransactionManager...
[DEBUG] 2016-08-17 00:03:13.689 [main] DataConfig$$EnhancerBySpringCGLIB$$60527f0a - Configuring Liquibase
[DEBUG] 2016-08-17 00:03:45.218 [main] DataConfig$$EnhancerBySpringCGLIB$$c5561cff - Starting datasource driver...
[DEBUG] 2016-08-17 00:03:45.583 [main] DataConfig$$EnhancerBySpringCGLIB$$c5561cff - Starting EntityManager...
[DEBUG] 2016-08-17 00:03:47.368 [main] DataConfig$$EnhancerBySpringCGLIB$$c5561cff - Starting TransactionManager...
[DEBUG] 2016-08-17 00:03:47.803 [main] DataConfig$$EnhancerBySpringCGLIB$$c5561cff - Configuring Liquibase
[DEBUG] 2016-08-17 00:04:13.551 [main] DataConfig$$EnhancerBySpringCGLIB$$c5561cff - Starting datasource driver...
[DEBUG] 2016-08-17 00:04:13.886 [main] DataConfig$$EnhancerBySpringCGLIB$$c5561cff - Starting EntityManager...
[DEBUG] 2016-08-17 00:04:15.720 [main] DataConfig$$EnhancerBySpringCGLIB$$c5561cff - Starting TransactionManager...
[DEBUG] 2016-08-17 00:04:16.134 [main] DataConfig$$EnhancerBySpringCGLIB$$c5561cff - Configuring Liquibase
[DEBUG] 2016-08-17 00:05:14.852 [main] DataConfig$$EnhancerBySpringCGLIB$$60527f0a - Starting datasource driver...
[DEBUG] 2016-08-17 00:05:15.184 [main] DataConfig$$EnhancerBySpringCGLIB$$60527f0a - Starting EntityManager...
[DEBUG] 2016-08-17 00:05:16.985 [main] DataConfig$$EnhancerBySpringCGLIB$$60527f0a - Starting TransactionManager...
[DEBUG] 2016-08-17 00:05:17.405 [main] DataConfig$$EnhancerBySpringCGLIB$$60527f0a - Configuring Liquibase
[DEBUG] 2016-08-17 00:08:21.200 [main] DataConfig$$EnhancerBySpringCGLIB$$e5533da4 - Starting datasource driver...
[DEBUG] 2016-08-17 00:08:21.535 [main] DataConfig$$EnhancerBySpringCGLIB$$e5533da4 - Starting EntityManager...
[DEBUG] 2016-08-17 00:08:23.320 [main] DataConfig$$EnhancerBySpringCGLIB$$e5533da4 - Starting TransactionManager...
[DEBUG] 2016-08-17 00:08:23.744 [main] DataConfig$$EnhancerBySpringCGLIB$$e5533da4 - Configuring Liquibase
[DEBUG] 2016-08-17 00:08:59.752 [main] DataConfig$$EnhancerBySpringCGLIB$$e5533da4 - Starting datasource driver...
[DEBUG] 2016-08-17 00:09:00.087 [main] DataConfig$$EnhancerBySpringCGLIB$$e5533da4 - Starting EntityManager...
[DEBUG] 2016-08-17 00:09:01.906 [main] DataConfig$$EnhancerBySpringCGLIB$$e5533da4 - Starting TransactionManager...
[DEBUG] 2016-08-17 00:09:02.348 [main] DataConfig$$EnhancerBySpringCGLIB$$e5533da4 - Configuring Liquibase
[DEBUG] 2016-08-17 00:09:16.678 [main] DataConfig$$EnhancerBySpringCGLIB$$e5533da4 - Starting datasource driver...
[DEBUG] 2016-08-17 00:09:17.027 [main] DataConfig$$EnhancerBySpringCGLIB$$e5533da4 - Starting EntityManager...
[DEBUG] 2016-08-17 00:09:18.862 [main] DataConfig$$EnhancerBySpringCGLIB$$e5533da4 - Starting TransactionManager...
[DEBUG] 2016-08-17 00:09:19.372 [main] DataConfig$$EnhancerBySpringCGLIB$$e5533da4 - Configuring Liquibase
[DEBUG] 2016-08-17 11:46:44.805 [main] DataConfig$$EnhancerBySpringCGLIB$$e5533da4 - Starting datasource driver...
[DEBUG] 2016-08-17 11:46:45.210 [main] DataConfig$$EnhancerBySpringCGLIB$$e5533da4 - Starting EntityManager...
[DEBUG] 2016-08-17 11:46:47.070 [main] DataConfig$$EnhancerBySpringCGLIB$$e5533da4 - Starting TransactionManager...
[DEBUG] 2016-08-17 11:46:47.509 [main] DataConfig$$EnhancerBySpringCGLIB$$e5533da4 - Configuring Liquibase
[DEBUG] 2016-08-17 16:40:39.790 [main] DataConfig$$EnhancerBySpringCGLIB$$ab366518 - Starting datasource driver...
[DEBUG] 2016-08-17 16:40:40.152 [main] DataConfig$$EnhancerBySpringCGLIB$$ab366518 - Starting EntityManager...
[DEBUG] 2016-08-17 16:40:42.342 [main] DataConfig$$EnhancerBySpringCGLIB$$ab366518 - Starting TransactionManager...
[DEBUG] 2016-08-17 16:40:42.905 [main] DataConfig$$EnhancerBySpringCGLIB$$ab366518 - Configuring Liquibase
[DEBUG] 2016-08-17 19:40:51.010 [main] DataConfig$$EnhancerBySpringCGLIB$$d6451cf2 - Starting datasource driver...
[DEBUG] 2016-08-17 19:40:51.447 [main] DataConfig$$EnhancerBySpringCGLIB$$d6451cf2 - Starting EntityManager...
[DEBUG] 2016-08-17 19:40:53.248 [main] DataConfig$$EnhancerBySpringCGLIB$$d6451cf2 - Starting TransactionManager...
[DEBUG] 2016-08-17 19:40:53.696 [main] DataConfig$$EnhancerBySpringCGLIB$$d6451cf2 - Configuring Liquibase
[DEBUG] 2016-08-17 19:40:56.258 [main] AccountRepositoryTest - $2a$10$JUgOw79cCJm.WGgCkY8vmuTVth1Fjamr5fkeg6fOfVhLhX0wsRopq
[DEBUG] 2016-08-17 19:43:35.514 [main] DataConfig$$EnhancerBySpringCGLIB$$d6451cf2 - Starting datasource driver...
[DEBUG] 2016-08-17 19:43:35.883 [main] DataConfig$$EnhancerBySpringCGLIB$$d6451cf2 - Starting EntityManager...
[DEBUG] 2016-08-17 19:43:37.697 [main] DataConfig$$EnhancerBySpringCGLIB$$d6451cf2 - Starting TransactionManager...
[DEBUG] 2016-08-17 19:43:38.124 [main] DataConfig$$EnhancerBySpringCGLIB$$d6451cf2 - Configuring Liquibase
[DEBUG] 2016-08-17 19:43:40.647 [main] AccountRepositoryTest - Passeord hash is $2a$10$zSaufdfgid.HNSX1nIxlnOFLHBKoaXMgxfmPPEEdvaJOh/05RkmbO
[DEBUG] 2016-08-17 19:45:07.088 [main] DataConfig$$EnhancerBySpringCGLIB$$d6451cf2 - Starting datasource driver...
[DEBUG] 2016-08-17 19:45:07.413 [main] DataConfig$$EnhancerBySpringCGLIB$$d6451cf2 - Starting EntityManager...
[DEBUG] 2016-08-17 19:45:09.334 [main] DataConfig$$EnhancerBySpringCGLIB$$d6451cf2 - Starting TransactionManager...
[DEBUG] 2016-08-17 19:45:09.807 [main] DataConfig$$EnhancerBySpringCGLIB$$d6451cf2 - Configuring Liquibase
[DEBUG] 2016-08-17 19:45:12.201 [main] AccountRepositoryTest - Passeord hash is $2a$10$3zVteo9q4mFS1gsEdWsggO3CuVQpjsf.hSI5xl.LhNfqurPcRGiWm
[DEBUG] 2016-08-17 20:13:47.306 [main] DataConfig$$EnhancerBySpringCGLIB$$d6451cf2 - Starting datasource driver...
[DEBUG] 2016-08-17 20:13:47.652 [main] DataConfig$$EnhancerBySpringCGLIB$$d6451cf2 - Starting EntityManager...
[DEBUG] 2016-08-17 20:13:49.830 [main] DataConfig$$EnhancerBySpringCGLIB$$d6451cf2 - Starting TransactionManager...
[DEBUG] 2016-08-17 20:13:50.265 [main] DataConfig$$EnhancerBySpringCGLIB$$d6451cf2 - Configuring Liquibase
[DEBUG] 2016-08-17 20:13:51.465 [main] DataConfig$$EnhancerBySpringCGLIB$$d6451cf2 - Starting datasource driver...
[DEBUG] 2016-08-17 20:13:51.480 [main] DataConfig$$EnhancerBySpringCGLIB$$d6451cf2 - Starting EntityManager...
[DEBUG] 2016-08-17 20:13:51.635 [main] DataConfig$$EnhancerBySpringCGLIB$$d6451cf2 - Starting TransactionManager...
[DEBUG] 2016-08-17 20:13:51.639 [main] DataConfig$$EnhancerBySpringCGLIB$$d6451cf2 - Configuring Liquibase
[DEBUG] 2016-08-17 20:13:51.917 [main] DataConfig$$EnhancerBySpringCGLIB$$d6451cf2 - Starting datasource driver...
[DEBUG] 2016-08-17 20:13:51.922 [main] DataConfig$$EnhancerBySpringCGLIB$$d6451cf2 - Starting EntityManager...
[DEBUG] 2016-08-17 20:13:52.079 [main] DataConfig$$EnhancerBySpringCGLIB$$d6451cf2 - Starting TransactionManager...
[DEBUG] 2016-08-17 20:13:52.085 [main] DataConfig$$EnhancerBySpringCGLIB$$d6451cf2 - Configuring Liquibase
[DEBUG] 2016-08-17 20:15:55.562 [main] DataConfig$$EnhancerBySpringCGLIB$$d6451cf2 - Starting datasource driver...
[DEBUG] 2016-08-17 20:15:55.885 [main] DataConfig$$EnhancerBySpringCGLIB$$d6451cf2 - Starting EntityManager...
[DEBUG] 2016-08-17 20:15:57.717 [main] DataConfig$$EnhancerBySpringCGLIB$$d6451cf2 - Starting TransactionManager...
[DEBUG] 2016-08-17 20:15:58.159 [main] DataConfig$$EnhancerBySpringCGLIB$$d6451cf2 - Configuring Liquibase
[DEBUG] 2016-08-17 20:15:59.383 [main] DataConfig$$EnhancerBySpringCGLIB$$d6451cf2 - Starting datasource driver...
[DEBUG] 2016-08-17 20:15:59.389 [main] DataConfig$$EnhancerBySpringCGLIB$$d6451cf2 - Starting EntityManager...
[DEBUG] 2016-08-17 20:15:59.522 [main] DataConfig$$EnhancerBySpringCGLIB$$d6451cf2 - Starting TransactionManager...
[DEBUG] 2016-08-17 20:15:59.527 [main] DataConfig$$EnhancerBySpringCGLIB$$d6451cf2 - Configuring Liquibase
[DEBUG] 2016-08-17 20:15:59.800 [main] DataConfig$$EnhancerBySpringCGLIB$$d6451cf2 - Starting datasource driver...
[DEBUG] 2016-08-17 20:15:59.806 [main] DataConfig$$EnhancerBySpringCGLIB$$d6451cf2 - Starting EntityManager...
[DEBUG] 2016-08-17 20:15:59.922 [main] DataConfig$$EnhancerBySpringCGLIB$$d6451cf2 - Starting TransactionManager...
[DEBUG] 2016-08-17 20:15:59.927 [main] DataConfig$$EnhancerBySpringCGLIB$$d6451cf2 - Configuring Liquibase
[DEBUG] 2016-08-17 20:16:57.256 [main] DataConfig$$EnhancerBySpringCGLIB$$d6451cf2 - Starting datasource driver...
[DEBUG] 2016-08-17 20:16:57.572 [main] DataConfig$$EnhancerBySpringCGLIB$$d6451cf2 - Starting EntityManager...
[DEBUG] 2016-08-17 20:16:59.326 [main] DataConfig$$EnhancerBySpringCGLIB$$d6451cf2 - Starting TransactionManager...
[DEBUG] 2016-08-17 20:16:59.745 [main] DataConfig$$EnhancerBySpringCGLIB$$d6451cf2 - Configuring Liquibase
[DEBUG] 2016-08-17 20:17:53.156 [main] DataConfig$$EnhancerBySpringCGLIB$$d6451cf2 - Starting datasource driver...
[DEBUG] 2016-08-17 20:17:53.492 [main] DataConfig$$EnhancerBySpringCGLIB$$d6451cf2 - Starting EntityManager...
[DEBUG] 2016-08-17 20:17:55.536 [main] DataConfig$$EnhancerBySpringCGLIB$$d6451cf2 - Starting TransactionManager...
[DEBUG] 2016-08-17 20:17:55.965 [main] DataConfig$$EnhancerBySpringCGLIB$$d6451cf2 - Configuring Liquibase
[DEBUG] 2016-08-17 20:17:58.720 [main] AccountRepositoryTest - Passeord hash is $2a$10$xX.x3t6uY/KQT6K2nxpsz.D.RXW9yH1MPTGmpo40gV1IHcwHh3YvK
[DEBUG] 2016-08-17 20:26:35.228 [main] DataConfig$$EnhancerBySpringCGLIB$$d6451cf2 - Starting datasource driver...
[DEBUG] 2016-08-17 20:26:35.551 [main] DataConfig$$EnhancerBySpringCGLIB$$d6451cf2 - Starting EntityManager...
[DEBUG] 2016-08-17 20:26:37.365 [main] DataConfig$$EnhancerBySpringCGLIB$$d6451cf2 - Starting TransactionManager...
[DEBUG] 2016-08-17 20:26:37.815 [main] DataConfig$$EnhancerBySpringCGLIB$$d6451cf2 - Configuring Liquibase
[DEBUG] 2016-08-17 20:26:39.095 [main] DataConfig$$EnhancerBySpringCGLIB$$d6451cf2 - Starting datasource driver...
[DEBUG] 2016-08-17 20:26:39.114 [main] DataConfig$$EnhancerBySpringCGLIB$$d6451cf2 - Starting EntityManager...
[DEBUG] 2016-08-17 20:26:39.282 [main] DataConfig$$EnhancerBySpringCGLIB$$d6451cf2 - Starting TransactionManager...
[DEBUG] 2016-08-17 20:26:39.288 [main] DataConfig$$EnhancerBySpringCGLIB$$d6451cf2 - Configuring Liquibase
[DEBUG] 2016-08-17 20:26:39.491 [main] DataConfig$$EnhancerBySpringCGLIB$$d6451cf2 - Starting datasource driver...
[DEBUG] 2016-08-17 20:26:39.498 [main] DataConfig$$EnhancerBySpringCGLIB$$d6451cf2 - Starting EntityManager...
[DEBUG] 2016-08-17 20:26:39.600 [main] DataConfig$$EnhancerBySpringCGLIB$$d6451cf2 - Starting TransactionManager...
[DEBUG] 2016-08-17 20:26:39.604 [main] DataConfig$$EnhancerBySpringCGLIB$$d6451cf2 - Configuring Liquibase
[DEBUG] 2016-08-17 20:32:25.409 [main] DataConfig$$EnhancerBySpringCGLIB$$d6451cf2 - Starting datasource driver...
[DEBUG] 2016-08-17 20:32:25.734 [main] DataConfig$$EnhancerBySpringCGLIB$$d6451cf2 - Starting EntityManager...
[DEBUG] 2016-08-17 20:32:27.587 [main] DataConfig$$EnhancerBySpringCGLIB$$d6451cf2 - Starting TransactionManager...
[DEBUG] 2016-08-17 20:32:28.005 [main] DataConfig$$EnhancerBySpringCGLIB$$d6451cf2 - Configuring Liquibase
[DEBUG] 2016-08-17 20:32:29.076 [main] DataConfig$$EnhancerBySpringCGLIB$$d6451cf2 - Starting datasource driver...
[DEBUG] 2016-08-17 20:32:29.094 [main] DataConfig$$EnhancerBySpringCGLIB$$d6451cf2 - Starting EntityManager...
[DEBUG] 2016-08-17 20:32:29.237 [main] DataConfig$$EnhancerBySpringCGLIB$$d6451cf2 - Starting TransactionManager...
[DEBUG] 2016-08-17 20:32:29.242 [main] DataConfig$$EnhancerBySpringCGLIB$$d6451cf2 - Configuring Liquibase
[DEBUG] 2016-08-17 20:32:29.504 [main] DataConfig$$EnhancerBySpringCGLIB$$d6451cf2 - Starting datasource driver...
[DEBUG] 2016-08-17 20:32:29.509 [main] DataConfig$$EnhancerBySpringCGLIB$$d6451cf2 - Starting EntityManager...
[DEBUG] 2016-08-17 20:32:29.618 [main] DataConfig$$EnhancerBySpringCGLIB$$d6451cf2 - Starting TransactionManager...
[DEBUG] 2016-08-17 20:32:29.623 [main] DataConfig$$EnhancerBySpringCGLIB$$d6451cf2 - Configuring Liquibase
[DEBUG] 2016-08-17 20:34:18.665 [main] DataConfig$$EnhancerBySpringCGLIB$$d6451cf2 - Starting datasource driver...
[DEBUG] 2016-08-17 20:34:18.988 [main] DataConfig$$EnhancerBySpringCGLIB$$d6451cf2 - Starting EntityManager...
[DEBUG] 2016-08-17 20:34:20.894 [main] DataConfig$$EnhancerBySpringCGLIB$$d6451cf2 - Starting TransactionManager...
[DEBUG] 2016-08-17 20:34:21.310 [main] DataConfig$$EnhancerBySpringCGLIB$$d6451cf2 - Configuring Liquibase
[DEBUG] 2016-08-17 20:34:22.468 [main] DataConfig$$EnhancerBySpringCGLIB$$d6451cf2 - Starting datasource driver...
[DEBUG] 2016-08-17 20:34:22.481 [main] DataConfig$$EnhancerBySpringCGLIB$$d6451cf2 - Starting EntityManager...
[DEBUG] 2016-08-17 20:34:22.606 [main] DataConfig$$EnhancerBySpringCGLIB$$d6451cf2 - Starting TransactionManager...
[DEBUG] 2016-08-17 20:34:22.611 [main] DataConfig$$EnhancerBySpringCGLIB$$d6451cf2 - Configuring Liquibase
[DEBUG] 2016-08-17 20:34:22.849 [main] DataConfig$$EnhancerBySpringCGLIB$$d6451cf2 - Starting datasource driver...
[DEBUG] 2016-08-17 20:34:22.858 [main] DataConfig$$EnhancerBySpringCGLIB$$d6451cf2 - Starting EntityManager...
[DEBUG] 2016-08-17 20:34:22.962 [main] DataConfig$$EnhancerBySpringCGLIB$$d6451cf2 - Starting TransactionManager...
[DEBUG] 2016-08-17 20:34:22.965 [main] DataConfig$$EnhancerBySpringCGLIB$$d6451cf2 - Configuring Liquibase
[DEBUG] 2016-08-17 20:41:15.404 [main] DataConfig$$EnhancerBySpringCGLIB$$d6451cf2 - Starting datasource driver...
[DEBUG] 2016-08-17 20:41:15.784 [main] DataConfig$$EnhancerBySpringCGLIB$$d6451cf2 - Starting EntityManager...
[DEBUG] 2016-08-17 20:41:17.808 [main] DataConfig$$EnhancerBySpringCGLIB$$d6451cf2 - Starting TransactionManager...
[DEBUG] 2016-08-17 20:41:18.225 [main] DataConfig$$EnhancerBySpringCGLIB$$d6451cf2 - Configuring Liquibase
[DEBUG] 2016-08-17 20:41:19.292 [main] DataConfig$$EnhancerBySpringCGLIB$$d6451cf2 - Starting datasource driver...
[DEBUG] 2016-08-17 20:41:19.301 [main] DataConfig$$EnhancerBySpringCGLIB$$d6451cf2 - Starting EntityManager...
[DEBUG] 2016-08-17 20:41:19.460 [main] DataConfig$$EnhancerBySpringCGLIB$$d6451cf2 - Starting TransactionManager...
[DEBUG] 2016-08-17 20:41:19.465 [main] DataConfig$$EnhancerBySpringCGLIB$$d6451cf2 - Configuring Liquibase
[DEBUG] 2016-08-17 20:41:19.701 [main] DataConfig$$EnhancerBySpringCGLIB$$d6451cf2 - Starting datasource driver...
[DEBUG] 2016-08-17 20:41:19.708 [main] DataConfig$$EnhancerBySpringCGLIB$$d6451cf2 - Starting EntityManager...
[DEBUG] 2016-08-17 20:41:19.821 [main] DataConfig$$EnhancerBySpringCGLIB$$d6451cf2 - Starting TransactionManager...
[DEBUG] 2016-08-17 20:41:19.826 [main] DataConfig$$EnhancerBySpringCGLIB$$d6451cf2 - Configuring Liquibase
[DEBUG] 2016-08-17 20:42:36.729 [main] DataConfig$$EnhancerBySpringCGLIB$$d6451cf2 - Starting datasource driver...
[DEBUG] 2016-08-17 20:42:37.059 [main] DataConfig$$EnhancerBySpringCGLIB$$d6451cf2 - Starting EntityManager...
[DEBUG] 2016-08-17 20:42:38.822 [main] DataConfig$$EnhancerBySpringCGLIB$$d6451cf2 - Starting TransactionManager...
[DEBUG] 2016-08-17 20:42:39.237 [main] DataConfig$$EnhancerBySpringCGLIB$$d6451cf2 - Configuring Liquibase
[DEBUG] 2016-08-17 20:42:40.453 [main] DataConfig$$EnhancerBySpringCGLIB$$d6451cf2 - Starting datasource driver...
[DEBUG] 2016-08-17 20:42:40.475 [main] DataConfig$$EnhancerBySpringCGLIB$$d6451cf2 - Starting EntityManager...
[DEBUG] 2016-08-17 20:42:40.650 [main] DataConfig$$EnhancerBySpringCGLIB$$d6451cf2 - Starting TransactionManager...
[DEBUG] 2016-08-17 20:42:40.673 [main] DataConfig$$EnhancerBySpringCGLIB$$d6451cf2 - Configuring Liquibase
[DEBUG] 2016-08-17 20:42:40.953 [main] DataConfig$$EnhancerBySpringCGLIB$$d6451cf2 - Starting datasource driver...
[DEBUG] 2016-08-17 20:42:40.964 [main] DataConfig$$EnhancerBySpringCGLIB$$d6451cf2 - Starting EntityManager...
[DEBUG] 2016-08-17 20:42:41.105 [main] DataConfig$$EnhancerBySpringCGLIB$$d6451cf2 - Starting TransactionManager...
[DEBUG] 2016-08-17 20:42:41.112 [main] DataConfig$$EnhancerBySpringCGLIB$$d6451cf2 - Configuring Liquibase
[DEBUG] 2016-08-17 20:54:16.293 [main] DataConfig$$EnhancerBySpringCGLIB$$d6451cf2 - Starting datasource driver...
[DEBUG] 2016-08-17 20:54:16.616 [main] DataConfig$$EnhancerBySpringCGLIB$$d6451cf2 - Starting EntityManager...
[DEBUG] 2016-08-17 20:54:18.606 [main] DataConfig$$EnhancerBySpringCGLIB$$d6451cf2 - Starting TransactionManager...
[DEBUG] 2016-08-17 20:54:19.053 [main] DataConfig$$EnhancerBySpringCGLIB$$d6451cf2 - Configuring Liquibase
[DEBUG] 2016-08-17 20:55:57.945 [main] DataConfig$$EnhancerBySpringCGLIB$$d6451cf2 - Starting datasource driver...
[DEBUG] 2016-08-17 20:55:58.285 [main] DataConfig$$EnhancerBySpringCGLIB$$d6451cf2 - Starting EntityManager...
[DEBUG] 2016-08-17 20:56:00.048 [main] DataConfig$$EnhancerBySpringCGLIB$$d6451cf2 - Starting TransactionManager...
[DEBUG] 2016-08-17 20:56:00.482 [main] DataConfig$$EnhancerBySpringCGLIB$$d6451cf2 - Configuring Liquibase
[DEBUG] 2016-08-17 20:57:49.319 [main] DataConfig$$EnhancerBySpringCGLIB$$d6451cf2 - Starting datasource driver...
[DEBUG] 2016-08-17 20:57:49.656 [main] DataConfig$$EnhancerBySpringCGLIB$$d6451cf2 - Starting EntityManager...
[DEBUG] 2016-08-17 20:57:51.587 [main] DataConfig$$EnhancerBySpringCGLIB$$d6451cf2 - Starting TransactionManager...
[DEBUG] 2016-08-17 20:57:52.018 [main] DataConfig$$EnhancerBySpringCGLIB$$d6451cf2 - Configuring Liquibase
[DEBUG] 2016-08-17 20:57:54.532 [main] AccountRepositoryTest - Passeord hash is $2a$10$JUgOw79cCJm.WGgCkY8vmuTVth1Fjamr5fkeg6fOfVhLhX0wsRopq
[DEBUG] 2016-08-17 20:58:29.076 [main] DataConfig$$EnhancerBySpringCGLIB$$d6451cf2 - Starting datasource driver...
[DEBUG] 2016-08-17 20:58:29.402 [main] DataConfig$$EnhancerBySpringCGLIB$$d6451cf2 - Starting EntityManager...
[DEBUG] 2016-08-17 20:58:31.157 [main] DataConfig$$EnhancerBySpringCGLIB$$d6451cf2 - Starting TransactionManager...
[DEBUG] 2016-08-17 20:58:31.612 [main] DataConfig$$EnhancerBySpringCGLIB$$d6451cf2 - Configuring Liquibase
[DEBUG] 2016-08-17 20:59:19.013 [main] DataConfig$$EnhancerBySpringCGLIB$$2085b048 - Starting datasource driver...
[DEBUG] 2016-08-17 20:59:19.404 [main] DataConfig$$EnhancerBySpringCGLIB$$2085b048 - Starting EntityManager...
[DEBUG] 2016-08-17 20:59:21.375 [main] DataConfig$$EnhancerBySpringCGLIB$$2085b048 - Starting TransactionManager...
[DEBUG] 2016-08-17 20:59:21.809 [main] DataConfig$$EnhancerBySpringCGLIB$$2085b048 - Configuring Liquibase
[DEBUG] 2016-08-17 21:58:14.754 [main] DataConfig$$EnhancerBySpringCGLIB$$20ae5f6b - Starting datasource driver...
[DEBUG] 2016-08-17 21:58:15.085 [main] DataConfig$$EnhancerBySpringCGLIB$$20ae5f6b - Starting EntityManager...
[DEBUG] 2016-08-17 21:58:17.130 [main] DataConfig$$EnhancerBySpringCGLIB$$20ae5f6b - Starting TransactionManager...
[DEBUG] 2016-08-17 21:58:17.545 [main] DataConfig$$EnhancerBySpringCGLIB$$20ae5f6b - Configuring Liquibase
[DEBUG] 2016-08-17 22:30:20.197 [main] DataConfig$$EnhancerBySpringCGLIB$$f4448e24 - Starting datasource driver...
[DEBUG] 2016-08-17 22:30:20.608 [main] DataConfig$$EnhancerBySpringCGLIB$$f4448e24 - Starting EntityManager...
[DEBUG] 2016-08-17 22:30:22.698 [main] DataConfig$$EnhancerBySpringCGLIB$$f4448e24 - Starting TransactionManager...
[DEBUG] 2016-08-17 22:30:23.121 [main] DataConfig$$EnhancerBySpringCGLIB$$f4448e24 - Configuring Liquibase
[DEBUG] 2016-08-17 22:35:41.446 [main] DataConfig$$EnhancerBySpringCGLIB$$f4448e24 - Starting datasource driver...
[DEBUG] 2016-08-17 22:35:41.866 [main] DataConfig$$EnhancerBySpringCGLIB$$f4448e24 - Starting EntityManager...
[DEBUG] 2016-08-17 22:35:44.250 [main] DataConfig$$EnhancerBySpringCGLIB$$f4448e24 - Starting TransactionManager...
[DEBUG] 2016-08-17 22:35:44.742 [main] DataConfig$$EnhancerBySpringCGLIB$$f4448e24 - Configuring Liquibase
[DEBUG] 2016-08-17 22:36:11.247 [main] DataConfig$$EnhancerBySpringCGLIB$$f4448e24 - Starting datasource driver...
[DEBUG] 2016-08-17 22:36:11.595 [main] DataConfig$$EnhancerBySpringCGLIB$$f4448e24 - Starting EntityManager...
[DEBUG] 2016-08-17 22:36:13.822 [main] DataConfig$$EnhancerBySpringCGLIB$$f4448e24 - Starting TransactionManager...
[DEBUG] 2016-08-17 22:36:14.312 [main] DataConfig$$EnhancerBySpringCGLIB$$f4448e24 - Configuring Liquibase
[DEBUG] 2016-08-17 22:37:06.280 [main] DataConfig$$EnhancerBySpringCGLIB$$f4448e24 - Starting datasource driver...
[DEBUG] 2016-08-17 22:37:06.698 [main] DataConfig$$EnhancerBySpringCGLIB$$f4448e24 - Starting EntityManager...
[DEBUG] 2016-08-17 22:37:08.757 [main] DataConfig$$EnhancerBySpringCGLIB$$f4448e24 - Starting TransactionManager...
[DEBUG] 2016-08-17 22:37:09.199 [main] DataConfig$$EnhancerBySpringCGLIB$$f4448e24 - Configuring Liquibase
[DEBUG] 2016-08-17 22:39:56.804 [main] DataConfig$$EnhancerBySpringCGLIB$$f4448e24 - Starting datasource driver...
[DEBUG] 2016-08-17 22:39:57.281 [main] DataConfig$$EnhancerBySpringCGLIB$$f4448e24 - Starting EntityManager...
[DEBUG] 2016-08-17 22:39:59.216 [main] DataConfig$$EnhancerBySpringCGLIB$$f4448e24 - Starting TransactionManager...
[DEBUG] 2016-08-17 22:39:59.644 [main] DataConfig$$EnhancerBySpringCGLIB$$f4448e24 - Configuring Liquibase
[DEBUG] 2016-08-17 22:40:36.270 [main] DataConfig$$EnhancerBySpringCGLIB$$f4448e24 - Starting datasource driver...
[DEBUG] 2016-08-17 22:40:36.643 [main] DataConfig$$EnhancerBySpringCGLIB$$f4448e24 - Starting EntityManager...
[DEBUG] 2016-08-17 22:40:38.587 [main] DataConfig$$EnhancerBySpringCGLIB$$f4448e24 - Starting TransactionManager...
[DEBUG] 2016-08-17 22:40:39.011 [main] DataConfig$$EnhancerBySpringCGLIB$$f4448e24 - Configuring Liquibase
[DEBUG] 2016-08-17 23:07:07.791 [main] DataConfig$$EnhancerBySpringCGLIB$$cbdd8181 - Starting datasource driver...
[DEBUG] 2016-08-17 23:07:08.135 [main] DataConfig$$EnhancerBySpringCGLIB$$cbdd8181 - Starting EntityManager...
[DEBUG] 2016-08-17 23:07:10.224 [main] DataConfig$$EnhancerBySpringCGLIB$$cbdd8181 - Starting TransactionManager...
[DEBUG] 2016-08-17 23:07:10.738 [main] DataConfig$$EnhancerBySpringCGLIB$$cbdd8181 - Configuring Liquibase
[DEBUG] 2016-08-17 23:07:13.866 [main] AccountRepositoryTest - Stream java.util.stream.ReferencePipeline$Head@77663cd7
[DEBUG] 2016-08-17 23:09:34.527 [main] DataConfig$$EnhancerBySpringCGLIB$$cbdd8181 - Starting datasource driver...
[DEBUG] 2016-08-17 23:09:34.878 [main] DataConfig$$EnhancerBySpringCGLIB$$cbdd8181 - Starting EntityManager...
[DEBUG] 2016-08-17 23:09:36.863 [main] DataConfig$$EnhancerBySpringCGLIB$$cbdd8181 - Starting TransactionManager...
[DEBUG] 2016-08-17 23:09:37.326 [main] DataConfig$$EnhancerBySpringCGLIB$$cbdd8181 - Configuring Liquibase
[DEBUG] 2016-08-17 23:09:40.086 [main] AccountRepositoryTest - Stream Account: {id=1, firstName=Julius, lastName=Krah, username=julius, activated=true}
[DEBUG] 2016-08-17 23:09:40.087 [main] AccountRepositoryTest - Stream Account: {id=3, firstName=Loretta, lastName=Krah, username=loretta, activated=true}
[DEBUG] 2016-08-17 23:10:59.654 [main] DataConfig$$EnhancerBySpringCGLIB$$cbdd8181 - Starting datasource driver...
[DEBUG] 2016-08-17 23:11:00.102 [main] DataConfig$$EnhancerBySpringCGLIB$$cbdd8181 - Starting EntityManager...
[DEBUG] 2016-08-17 23:11:02.548 [main] DataConfig$$EnhancerBySpringCGLIB$$cbdd8181 - Starting TransactionManager...
[DEBUG] 2016-08-17 23:11:03.097 [main] DataConfig$$EnhancerBySpringCGLIB$$cbdd8181 - Configuring Liquibase
[DEBUG] 2016-08-17 23:14:19.985 [main] DataConfig$$EnhancerBySpringCGLIB$$92818c0 - Starting datasource driver...
[DEBUG] 2016-08-17 23:14:20.389 [main] DataConfig$$EnhancerBySpringCGLIB$$92818c0 - Starting EntityManager...
[DEBUG] 2016-08-17 23:14:22.925 [main] DataConfig$$EnhancerBySpringCGLIB$$92818c0 - Starting TransactionManager...
[DEBUG] 2016-08-17 23:14:23.456 [main] DataConfig$$EnhancerBySpringCGLIB$$92818c0 - Configuring Liquibase
[DEBUG] 2016-08-17 23:14:49.793 [main] DataConfig$$EnhancerBySpringCGLIB$$92818c0 - Starting datasource driver...
[DEBUG] 2016-08-17 23:14:50.184 [main] DataConfig$$EnhancerBySpringCGLIB$$92818c0 - Starting EntityManager...
[DEBUG] 2016-08-17 23:14:52.569 [main] DataConfig$$EnhancerBySpringCGLIB$$92818c0 - Starting TransactionManager...
[DEBUG] 2016-08-17 23:14:53.063 [main] DataConfig$$EnhancerBySpringCGLIB$$92818c0 - Configuring Liquibase
[DEBUG] 2016-08-17 23:15:19.762 [main] DataConfig$$EnhancerBySpringCGLIB$$92818c0 - Starting datasource driver...
[DEBUG] 2016-08-17 23:15:20.182 [main] DataConfig$$EnhancerBySpringCGLIB$$92818c0 - Starting EntityManager...
[DEBUG] 2016-08-17 23:15:22.581 [main] DataConfig$$EnhancerBySpringCGLIB$$92818c0 - Starting TransactionManager...
[DEBUG] 2016-08-17 23:15:23.009 [main] DataConfig$$EnhancerBySpringCGLIB$$92818c0 - Configuring Liquibase
[DEBUG] 2016-08-17 23:23:18.418 [main] DataConfig$$EnhancerBySpringCGLIB$$92818c0 - Starting datasource driver...
[DEBUG] 2016-08-17 23:23:18.783 [main] DataConfig$$EnhancerBySpringCGLIB$$92818c0 - Starting EntityManager...
[DEBUG] 2016-08-17 23:23:20.877 [main] DataConfig$$EnhancerBySpringCGLIB$$92818c0 - Starting TransactionManager...
[DEBUG] 2016-08-17 23:23:21.306 [main] DataConfig$$EnhancerBySpringCGLIB$$92818c0 - Configuring Liquibase
[DEBUG] 2016-08-17 23:26:54.686 [main] DataConfig$$EnhancerBySpringCGLIB$$92818c0 - Starting datasource driver...
[DEBUG] 2016-08-17 23:26:55.150 [main] DataConfig$$EnhancerBySpringCGLIB$$92818c0 - Starting EntityManager...
[DEBUG] 2016-08-17 23:26:57.938 [main] DataConfig$$EnhancerBySpringCGLIB$$92818c0 - Starting TransactionManager...
[DEBUG] 2016-08-17 23:26:58.579 [main] DataConfig$$EnhancerBySpringCGLIB$$92818c0 - Configuring Liquibase
[DEBUG] 2016-08-17 23:28:15.808 [main] DataConfig$$EnhancerBySpringCGLIB$$92818c0 - Starting datasource driver...
[DEBUG] 2016-08-17 23:28:16.154 [main] DataConfig$$EnhancerBySpringCGLIB$$92818c0 - Starting EntityManager...
[DEBUG] 2016-08-17 23:28:18.111 [main] DataConfig$$EnhancerBySpringCGLIB$$92818c0 - Starting TransactionManager...
[DEBUG] 2016-08-17 23:28:18.603 [main] DataConfig$$EnhancerBySpringCGLIB$$92818c0 - Configuring Liquibase
[DEBUG] 2016-08-17 23:31:25.262 [main] DataConfig$$EnhancerBySpringCGLIB$$e512b3d6 - Starting datasource driver...
[DEBUG] 2016-08-17 23:31:25.605 [main] DataConfig$$EnhancerBySpringCGLIB$$e512b3d6 - Starting EntityManager...
[DEBUG] 2016-08-17 23:31:27.662 [main] DataConfig$$EnhancerBySpringCGLIB$$e512b3d6 - Starting TransactionManager...
[DEBUG] 2016-08-17 23:31:28.086 [main] DataConfig$$EnhancerBySpringCGLIB$$e512b3d6 - Configuring Liquibase
[DEBUG] 2016-08-17 23:31:56.513 [main] DataConfig$$EnhancerBySpringCGLIB$$e512b3d6 - Starting datasource driver...
[DEBUG] 2016-08-17 23:31:56.854 [main] DataConfig$$EnhancerBySpringCGLIB$$e512b3d6 - Starting EntityManager...
[DEBUG] 2016-08-17 23:31:58.856 [main] DataConfig$$EnhancerBySpringCGLIB$$e512b3d6 - Starting TransactionManager...
[DEBUG] 2016-08-17 23:31:59.364 [main] DataConfig$$EnhancerBySpringCGLIB$$e512b3d6 - Configuring Liquibase
[DEBUG] 2016-08-17 23:32:25.205 [main] DataConfig$$EnhancerBySpringCGLIB$$e512b3d6 - Starting datasource driver...
[DEBUG] 2016-08-17 23:32:25.545 [main] DataConfig$$EnhancerBySpringCGLIB$$e512b3d6 - Starting EntityManager...
[DEBUG] 2016-08-17 23:32:27.459 [main] DataConfig$$EnhancerBySpringCGLIB$$e512b3d6 - Starting TransactionManager...
[DEBUG] 2016-08-17 23:32:27.897 [main] DataConfig$$EnhancerBySpringCGLIB$$e512b3d6 - Configuring Liquibase
[DEBUG] 2016-08-17 23:41:33.122 [main] DataConfig$$EnhancerBySpringCGLIB$$245e3566 - Starting datasource driver...
[DEBUG] 2016-08-17 23:41:33.534 [main] DataConfig$$EnhancerBySpringCGLIB$$245e3566 - Starting EntityManager...
[DEBUG] 2016-08-17 23:41:35.869 [main] DataConfig$$EnhancerBySpringCGLIB$$245e3566 - Starting TransactionManager...
[DEBUG] 2016-08-17 23:41:36.371 [main] DataConfig$$EnhancerBySpringCGLIB$$245e3566 - Configuring Liquibase
[DEBUG] 2016-08-17 23:43:09.607 [main] DataConfig$$EnhancerBySpringCGLIB$$245e3566 - Starting datasource driver...
[DEBUG] 2016-08-17 23:43:09.963 [main] DataConfig$$EnhancerBySpringCGLIB$$245e3566 - Starting EntityManager...
[DEBUG] 2016-08-17 23:43:12.131 [main] DataConfig$$EnhancerBySpringCGLIB$$245e3566 - Starting TransactionManager...
[DEBUG] 2016-08-17 23:43:12.635 [main] DataConfig$$EnhancerBySpringCGLIB$$245e3566 - Configuring Liquibase
[DEBUG] 2016-08-17 23:44:38.137 [main] DataConfig$$EnhancerBySpringCGLIB$$245e3566 - Starting datasource driver...
[DEBUG] 2016-08-17 23:44:38.658 [main] DataConfig$$EnhancerBySpringCGLIB$$245e3566 - Starting EntityManager...
[DEBUG] 2016-08-17 23:44:41.071 [main] DataConfig$$EnhancerBySpringCGLIB$$245e3566 - Starting TransactionManager...
[DEBUG] 2016-08-17 23:44:41.569 [main] DataConfig$$EnhancerBySpringCGLIB$$245e3566 - Configuring Liquibase
[DEBUG] 2016-08-17 23:46:25.912 [main] DataConfig$$EnhancerBySpringCGLIB$$245e3566 - Starting datasource driver...
[DEBUG] 2016-08-17 23:46:26.328 [main] DataConfig$$EnhancerBySpringCGLIB$$245e3566 - Starting EntityManager...
[DEBUG] 2016-08-17 23:46:28.743 [main] DataConfig$$EnhancerBySpringCGLIB$$245e3566 - Starting TransactionManager...
[DEBUG] 2016-08-17 23:46:29.365 [main] DataConfig$$EnhancerBySpringCGLIB$$245e3566 - Configuring Liquibase
[DEBUG] 2016-08-17 23:47:09.440 [main] DataConfig$$EnhancerBySpringCGLIB$$f99ec3c6 - Starting datasource driver...
[DEBUG] 2016-08-17 23:47:09.784 [main] DataConfig$$EnhancerBySpringCGLIB$$f99ec3c6 - Starting EntityManager...
[DEBUG] 2016-08-17 23:47:11.943 [main] DataConfig$$EnhancerBySpringCGLIB$$f99ec3c6 - Starting TransactionManager...
[DEBUG] 2016-08-17 23:47:12.432 [main] DataConfig$$EnhancerBySpringCGLIB$$f99ec3c6 - Configuring Liquibase
[DEBUG] 2016-08-17 23:47:58.180 [main] DataConfig$$EnhancerBySpringCGLIB$$f99ec3c6 - Starting datasource driver...
[DEBUG] 2016-08-17 23:47:58.603 [main] DataConfig$$EnhancerBySpringCGLIB$$f99ec3c6 - Starting EntityManager...
[DEBUG] 2016-08-17 23:48:01.010 [main] DataConfig$$EnhancerBySpringCGLIB$$f99ec3c6 - Starting TransactionManager...
[DEBUG] 2016-08-17 23:48:01.479 [main] DataConfig$$EnhancerBySpringCGLIB$$f99ec3c6 - Configuring Liquibase
[DEBUG] 2016-08-17 23:48:49.539 [main] DataConfig$$EnhancerBySpringCGLIB$$150feccb - Starting datasource driver...
[DEBUG] 2016-08-17 23:48:49.875 [main] DataConfig$$EnhancerBySpringCGLIB$$150feccb - Starting EntityManager...
[DEBUG] 2016-08-17 23:48:52.057 [main] DataConfig$$EnhancerBySpringCGLIB$$150feccb - Starting TransactionManager...
[DEBUG] 2016-08-17 23:48:52.589 [main] DataConfig$$EnhancerBySpringCGLIB$$150feccb - Configuring Liquibase
[DEBUG] 2016-08-18 09:47:36.326 [main] DataConfig$$EnhancerBySpringCGLIB$$2df96d72 - Starting datasource driver...
[DEBUG] 2016-08-18 09:47:36.736 [main] DataConfig$$EnhancerBySpringCGLIB$$2df96d72 - Starting EntityManager...
[DEBUG] 2016-08-18 09:47:38.838 [main] DataConfig$$EnhancerBySpringCGLIB$$2df96d72 - Starting TransactionManager...
[DEBUG] 2016-08-18 09:47:39.330 [main] DataConfig$$EnhancerBySpringCGLIB$$2df96d72 - Configuring Liquibase
[DEBUG] 2016-08-18 09:49:13.242 [main] DataConfig$$EnhancerBySpringCGLIB$$2df96d72 - Starting datasource driver...
[DEBUG] 2016-08-18 09:49:13.615 [main] DataConfig$$EnhancerBySpringCGLIB$$2df96d72 - Starting EntityManager...
[DEBUG] 2016-08-18 09:49:16.063 [main] DataConfig$$EnhancerBySpringCGLIB$$2df96d72 - Starting TransactionManager...
[DEBUG] 2016-08-18 09:49:16.518 [main] DataConfig$$EnhancerBySpringCGLIB$$2df96d72 - Configuring Liquibase
[DEBUG] 2016-08-18 09:53:58.044 [main] DataConfig$$EnhancerBySpringCGLIB$$2df96d72 - Starting datasource driver...
[DEBUG] 2016-08-18 09:53:58.372 [main] DataConfig$$EnhancerBySpringCGLIB$$2df96d72 - Starting EntityManager...
[DEBUG] 2016-08-18 09:54:00.366 [main] DataConfig$$EnhancerBySpringCGLIB$$2df96d72 - Starting TransactionManager...
[DEBUG] 2016-08-18 09:54:00.810 [main] DataConfig$$EnhancerBySpringCGLIB$$2df96d72 - Configuring Liquibase
[DEBUG] 2016-08-18 11:02:51.481 [main] DataConfig$$EnhancerBySpringCGLIB$$c7de23a1 - Starting datasource driver...
[DEBUG] 2016-08-18 11:02:51.896 [main] DataConfig$$EnhancerBySpringCGLIB$$c7de23a1 - Starting EntityManager...
[DEBUG] 2016-08-18 11:02:53.943 [main] DataConfig$$EnhancerBySpringCGLIB$$c7de23a1 - Starting TransactionManager...
[DEBUG] 2016-08-18 11:02:54.382 [main] DataConfig$$EnhancerBySpringCGLIB$$c7de23a1 - Configuring Liquibase
[DEBUG] 2016-08-18 11:03:33.049 [main] DataConfig$$EnhancerBySpringCGLIB$$793df32c - Starting datasource driver...
[DEBUG] 2016-08-18 11:03:33.443 [main] DataConfig$$EnhancerBySpringCGLIB$$793df32c - Starting EntityManager...
[DEBUG] 2016-08-18 11:03:35.370 [main] DataConfig$$EnhancerBySpringCGLIB$$793df32c - Starting TransactionManager...
[DEBUG] 2016-08-18 11:03:35.799 [main] DataConfig$$EnhancerBySpringCGLIB$$793df32c - Configuring Liquibase
[DEBUG] 2016-08-18 17:44:55.597 [main] DataConfig$$EnhancerBySpringCGLIB$$d0236bcd - Starting datasource driver...
[DEBUG] 2016-08-18 17:44:56.000 [main] DataConfig$$EnhancerBySpringCGLIB$$d0236bcd - Starting EntityManager...
[DEBUG] 2016-08-18 17:44:58.580 [main] DataConfig$$EnhancerBySpringCGLIB$$d0236bcd - Starting TransactionManager...
[DEBUG] 2016-08-18 17:44:59.034 [main] DataConfig$$EnhancerBySpringCGLIB$$d0236bcd - Configuring Liquibase
[DEBUG] 2016-08-18 17:45:02.236 [main] AccountRepositoryTest - Password for system is $2a$10$4Lk38ZGHpEHDqdtUUWplSOiWM6XUueGUvvcNDEGb57emvQ9ez5w1W
[DEBUG] 2016-08-18 17:55:41.414 [main] DataConfig$$EnhancerBySpringCGLIB$$d0236bcd - Starting datasource driver...
[DEBUG] 2016-08-18 17:55:41.761 [main] DataConfig$$EnhancerBySpringCGLIB$$d0236bcd - Starting EntityManager...
[DEBUG] 2016-08-18 17:55:43.797 [main] DataConfig$$EnhancerBySpringCGLIB$$d0236bcd - Starting TransactionManager...
[DEBUG] 2016-08-18 17:55:44.219 [main] DataConfig$$EnhancerBySpringCGLIB$$d0236bcd - Configuring Liquibase
[DEBUG] 2016-08-18 17:55:45.844 [main] DataConfig$$EnhancerBySpringCGLIB$$d0236bcd - Starting datasource driver...
[DEBUG] 2016-08-18 17:55:45.856 [main] DataConfig$$EnhancerBySpringCGLIB$$d0236bcd - Starting EntityManager...
[DEBUG] 2016-08-18 17:55:46.144 [main] DataConfig$$EnhancerBySpringCGLIB$$d0236bcd - Starting TransactionManager...
[DEBUG] 2016-08-18 17:55:46.149 [main] DataConfig$$EnhancerBySpringCGLIB$$d0236bcd - Configuring Liquibase
[DEBUG] 2016-08-18 17:55:46.389 [main] DataConfig$$EnhancerBySpringCGLIB$$d0236bcd - Starting datasource driver...
[DEBUG] 2016-08-18 17:55:46.397 [main] DataConfig$$EnhancerBySpringCGLIB$$d0236bcd - Starting EntityManager...
[DEBUG] 2016-08-18 17:55:46.746 [main] DataConfig$$EnhancerBySpringCGLIB$$d0236bcd - Starting TransactionManager...
[DEBUG] 2016-08-18 17:55:46.765 [main] DataConfig$$EnhancerBySpringCGLIB$$d0236bcd - Configuring Liquibase
[DEBUG] 2016-08-18 17:55:47.004 [main] DataConfig$$EnhancerBySpringCGLIB$$d0236bcd - Starting datasource driver...
[DEBUG] 2016-08-18 17:55:47.009 [main] DataConfig$$EnhancerBySpringCGLIB$$d0236bcd - Starting EntityManager...
[DEBUG] 2016-08-18 17:55:47.253 [main] DataConfig$$EnhancerBySpringCGLIB$$d0236bcd - Starting TransactionManager...
[DEBUG] 2016-08-18 17:55:47.259 [main] DataConfig$$EnhancerBySpringCGLIB$$d0236bcd - Configuring Liquibase
[DEBUG] 2016-08-18 17:55:47.537 [main] DataConfig$$EnhancerBySpringCGLIB$$d0236bcd - Starting datasource driver...
[DEBUG] 2016-08-18 17:55:47.544 [main] DataConfig$$EnhancerBySpringCGLIB$$d0236bcd - Starting EntityManager...
[DEBUG] 2016-08-18 17:55:47.870 [main] DataConfig$$EnhancerBySpringCGLIB$$d0236bcd - Starting TransactionManager...
[DEBUG] 2016-08-18 17:55:47.877 [main] DataConfig$$EnhancerBySpringCGLIB$$d0236bcd - Configuring Liquibase
[DEBUG] 2016-08-18 17:55:48.101 [main] DataConfig$$EnhancerBySpringCGLIB$$d0236bcd - Starting datasource driver...
[DEBUG] 2016-08-18 17:55:48.114 [main] DataConfig$$EnhancerBySpringCGLIB$$d0236bcd - Starting EntityManager...
[DEBUG] 2016-08-18 17:55:48.331 [main] DataConfig$$EnhancerBySpringCGLIB$$d0236bcd - Starting TransactionManager...
[DEBUG] 2016-08-18 17:55:48.336 [main] DataConfig$$EnhancerBySpringCGLIB$$d0236bcd - Configuring Liquibase
[DEBUG] 2016-08-18 17:56:21.298 [main] DataConfig$$EnhancerBySpringCGLIB$$d0236bcd - Starting datasource driver...
[DEBUG] 2016-08-18 17:56:21.767 [main] DataConfig$$EnhancerBySpringCGLIB$$d0236bcd - Starting EntityManager...
[DEBUG] 2016-08-18 17:56:23.911 [main] DataConfig$$EnhancerBySpringCGLIB$$d0236bcd - Starting TransactionManager...
[DEBUG] 2016-08-18 17:56:24.352 [main] DataConfig$$EnhancerBySpringCGLIB$$d0236bcd - Configuring Liquibase
[DEBUG] 2016-08-18 17:56:27.478 [main] AccountRepositoryTest - Password for system is $2a$10$lK8sg2g5j.2i2XU48yD5.eOjA8zTyT/XCozhEGd0r4EJSaOL8qone
[DEBUG] 2016-08-18 17:57:02.289 [main] DataConfig$$EnhancerBySpringCGLIB$$d0236bcd - Starting datasource driver...
[DEBUG] 2016-08-18 17:57:02.647 [main] DataConfig$$EnhancerBySpringCGLIB$$d0236bcd - Starting EntityManager...
[DEBUG] 2016-08-18 17:57:04.830 [main] DataConfig$$EnhancerBySpringCGLIB$$d0236bcd - Starting TransactionManager...
[DEBUG] 2016-08-18 17:57:05.246 [main] DataConfig$$EnhancerBySpringCGLIB$$d0236bcd - Configuring Liquibase
[DEBUG] 2016-08-18 17:57:08.092 [main] AccountRepositoryTest - Password for system is $2a$10$7nLr.8hD93K5zY8RDJ1YjOoy1K7scttTAo2rQFv6w0ETmaYq37ZGG
[DEBUG] 2016-08-18 17:58:45.828 [main] DataConfig$$EnhancerBySpringCGLIB$$d0236bcd - Starting datasource driver...
[DEBUG] 2016-08-18 17:58:46.185 [main] DataConfig$$EnhancerBySpringCGLIB$$d0236bcd - Starting EntityManager...
[DEBUG] 2016-08-18 17:58:48.626 [main] DataConfig$$EnhancerBySpringCGLIB$$d0236bcd - Starting TransactionManager...
[DEBUG] 2016-08-18 17:58:49.070 [main] DataConfig$$EnhancerBySpringCGLIB$$d0236bcd - Configuring Liquibase
[DEBUG] 2016-08-18 17:58:51.961 [main] AccountRepositoryTest - Password for system is $2a$10$GcMZzbeZSltSQ5vTbOvGUeyzJyuXIG9cNOwVT590mrD6GtJ59vMeC
[DEBUG] 2016-08-18 21:06:09.823 [main] DataConfig$$EnhancerBySpringCGLIB$$cf1b65b - Starting datasource driver...
[DEBUG] 2016-08-18 21:06:10.165 [main] DataConfig$$EnhancerBySpringCGLIB$$cf1b65b - Starting EntityManager...
[DEBUG] 2016-08-18 21:06:12.162 [main] DataConfig$$EnhancerBySpringCGLIB$$cf1b65b - Starting TransactionManager...
[DEBUG] 2016-08-18 21:06:12.613 [main] DataConfig$$EnhancerBySpringCGLIB$$cf1b65b - Configuring Liquibase
[DEBUG] 2016-08-18 23:42:58.972 [main] DataConfig$$EnhancerBySpringCGLIB$$b13e656a - Starting datasource driver...
[DEBUG] 2016-08-18 23:42:59.331 [main] DataConfig$$EnhancerBySpringCGLIB$$b13e656a - Starting EntityManager...
[DEBUG] 2016-08-18 23:43:01.250 [main] DataConfig$$EnhancerBySpringCGLIB$$b13e656a - Starting TransactionManager...
[DEBUG] 2016-08-18 23:43:01.828 [main] DataConfig$$EnhancerBySpringCGLIB$$b13e656a - Configuring Liquibase
[DEBUG] 2016-08-18 23:55:20.680 [main] DataConfig$$EnhancerBySpringCGLIB$$b13e656a - Starting datasource driver...
[DEBUG] 2016-08-18 23:55:21.031 [main] DataConfig$$EnhancerBySpringCGLIB$$b13e656a - Starting EntityManager...
[DEBUG] 2016-08-18 23:55:23.064 [main] DataConfig$$EnhancerBySpringCGLIB$$b13e656a - Starting TransactionManager...
[DEBUG] 2016-08-18 23:55:23.490 [main] DataConfig$$EnhancerBySpringCGLIB$$b13e656a - Configuring Liquibase
[DEBUG] 2016-08-18 23:57:08.051 [main] DataConfig$$EnhancerBySpringCGLIB$$b13e656a - Starting datasource driver...
[DEBUG] 2016-08-18 23:57:08.500 [main] DataConfig$$EnhancerBySpringCGLIB$$b13e656a - Starting EntityManager...
[DEBUG] 2016-08-18 23:57:11.493 [main] DataConfig$$EnhancerBySpringCGLIB$$b13e656a - Starting TransactionManager...
[DEBUG] 2016-08-18 23:57:11.978 [main] DataConfig$$EnhancerBySpringCGLIB$$b13e656a - Configuring Liquibase
[DEBUG] 2016-08-19 00:54:45.980 [main] DataConfig$$EnhancerBySpringCGLIB$$b13e656a - Starting datasource driver...
[DEBUG] 2016-08-19 00:54:46.331 [main] DataConfig$$EnhancerBySpringCGLIB$$b13e656a - Starting EntityManager...
[DEBUG] 2016-08-19 00:54:48.642 [main] DataConfig$$EnhancerBySpringCGLIB$$b13e656a - Starting TransactionManager...
[DEBUG] 2016-08-19 00:54:49.099 [main] DataConfig$$EnhancerBySpringCGLIB$$b13e656a - Configuring Liquibase
[DEBUG] 2016-08-19 01:01:20.683 [main] DataConfig$$EnhancerBySpringCGLIB$$b13e656a - Starting datasource driver...
[DEBUG] 2016-08-19 01:01:21.026 [main] DataConfig$$EnhancerBySpringCGLIB$$b13e656a - Starting EntityManager...
[DEBUG] 2016-08-19 01:01:23.350 [main] DataConfig$$EnhancerBySpringCGLIB$$b13e656a - Starting TransactionManager...
[DEBUG] 2016-08-19 01:01:23.771 [main] DataConfig$$EnhancerBySpringCGLIB$$b13e656a - Configuring Liquibase
[DEBUG] 2016-08-19 01:02:04.994 [main] DataConfig$$EnhancerBySpringCGLIB$$b13e656a - Starting datasource driver...
[DEBUG] 2016-08-19 01:02:05.341 [main] DataConfig$$EnhancerBySpringCGLIB$$b13e656a - Starting EntityManager...
[DEBUG] 2016-08-19 01:02:07.327 [main] DataConfig$$EnhancerBySpringCGLIB$$b13e656a - Starting TransactionManager...
[DEBUG] 2016-08-19 01:02:07.749 [main] DataConfig$$EnhancerBySpringCGLIB$$b13e656a - Configuring Liquibase
[DEBUG] 2016-08-19 01:03:52.208 [main] DataConfig$$EnhancerBySpringCGLIB$$b13e656a - Starting datasource driver...
[DEBUG] 2016-08-19 01:03:52.670 [main] DataConfig$$EnhancerBySpringCGLIB$$b13e656a - Starting EntityManager...
[DEBUG] 2016-08-19 01:03:54.648 [main] DataConfig$$EnhancerBySpringCGLIB$$b13e656a - Starting TransactionManager...
[DEBUG] 2016-08-19 01:03:55.143 [main] DataConfig$$EnhancerBySpringCGLIB$$b13e656a - Configuring Liquibase
[DEBUG] 2016-08-19 11:37:18.707 [main] DataConfig$$EnhancerBySpringCGLIB$$27eba996 - Starting datasource driver...
[DEBUG] 2016-08-19 11:37:19.188 [main] DataConfig$$EnhancerBySpringCGLIB$$27eba996 - Starting EntityManager...
[DEBUG] 2016-08-19 11:37:21.924 [main] DataConfig$$EnhancerBySpringCGLIB$$27eba996 - Starting TransactionManager...
[DEBUG] 2016-08-19 11:37:22.235 [main] DataConfig$$EnhancerBySpringCGLIB$$27eba996 - Configuring Liquibase
[DEBUG] 2016-08-19 11:37:24.718 [main] DataConfig$$EnhancerBySpringCGLIB$$27eba996 - Starting datasource driver...
[DEBUG] 2016-08-19 11:37:24.749 [main] DataConfig$$EnhancerBySpringCGLIB$$27eba996 - Starting EntityManager...
[DEBUG] 2016-08-19 11:37:25.360 [main] DataConfig$$EnhancerBySpringCGLIB$$27eba996 - Starting TransactionManager...
[DEBUG] 2016-08-19 11:37:25.367 [main] DataConfig$$EnhancerBySpringCGLIB$$27eba996 - Configuring Liquibase
[DEBUG] 2016-08-19 16:57:57.384 [main] DataConfig$$EnhancerBySpringCGLIB$$4380fb4f - Starting datasource driver...
[DEBUG] 2016-08-19 16:57:57.752 [main] DataConfig$$EnhancerBySpringCGLIB$$4380fb4f - Starting EntityManager...
[DEBUG] 2016-08-19 16:58:00.982 [main] DataConfig$$EnhancerBySpringCGLIB$$4380fb4f - Starting TransactionManager...
[DEBUG] 2016-08-19 16:58:01.475 [main] DataConfig$$EnhancerBySpringCGLIB$$4380fb4f - Configuring Liquibase
[DEBUG] 2016-08-19 16:58:03.801 [main] DataConfig$$EnhancerBySpringCGLIB$$4380fb4f - Starting datasource driver...
[DEBUG] 2016-08-19 16:58:03.851 [main] DataConfig$$EnhancerBySpringCGLIB$$4380fb4f - Starting EntityManager...
[DEBUG] 2016-08-19 16:58:04.643 [main] DataConfig$$EnhancerBySpringCGLIB$$4380fb4f - Starting TransactionManager...
[DEBUG] 2016-08-19 16:58:04.651 [main] DataConfig$$EnhancerBySpringCGLIB$$4380fb4f - Configuring Liquibase
[DEBUG] 2016-08-19 17:06:08.493 [qtp2122256138-13] UserDetailsServiceImpl - Starting authentication for ekuba...
[DEBUG] 2016-08-19 17:06:51.527 [qtp2122256138-13] UserDetailsServiceImpl - Starting authentication for julius...
[DEBUG] 2016-08-19 17:25:02.633 [qtp2122256138-19] UserDetailsServiceImpl - Starting authentication for julius...
[DEBUG] 2016-08-19 17:35:16.918 [qtp2122256138-19] IndexController - Filename is 
[DEBUG] 2016-08-19 19:08:44.680 [qtp2122256138-15] UserDetailsServiceImpl - Starting authentication for julius...
[DEBUG] 2016-08-19 19:12:15.458 [qtp2122256138-19] UserDetailsServiceImpl - Starting authentication for julius...
[DEBUG] 2016-08-19 19:12:59.055 [qtp2122256138-16] UserDetailsServiceImpl - Starting authentication for julius...
[DEBUG] 2016-08-19 19:36:47.352 [qtp2122256138-13] UserDetailsServiceImpl - Starting authentication for julius...
[DEBUG] 2016-08-19 19:38:55.825 [qtp2122256138-16] UserDetailsServiceImpl - Starting authentication for julius...
[DEBUG] 2016-08-19 20:24:19.074 [main] DataConfig$$EnhancerBySpringCGLIB$$d1c24cbc - Starting datasource driver...
[DEBUG] 2016-08-19 20:24:19.461 [main] DataConfig$$EnhancerBySpringCGLIB$$d1c24cbc - Starting EntityManager...
[DEBUG] 2016-08-19 20:24:23.696 [main] DataConfig$$EnhancerBySpringCGLIB$$d1c24cbc - Starting TransactionManager...
[DEBUG] 2016-08-19 20:24:24.027 [main] DataConfig$$EnhancerBySpringCGLIB$$d1c24cbc - Configuring Liquibase
[DEBUG] 2016-08-19 20:24:27.064 [main] DataConfig$$EnhancerBySpringCGLIB$$d1c24cbc - Starting datasource driver...
[DEBUG] 2016-08-19 20:24:27.127 [main] DataConfig$$EnhancerBySpringCGLIB$$d1c24cbc - Starting EntityManager...
[DEBUG] 2016-08-19 20:24:28.102 [main] DataConfig$$EnhancerBySpringCGLIB$$d1c24cbc - Starting TransactionManager...
[DEBUG] 2016-08-19 20:24:28.119 [main] DataConfig$$EnhancerBySpringCGLIB$$d1c24cbc - Configuring Liquibase
[DEBUG] 2016-08-19 20:24:46.994 [qtp748673892-17] UserDetailsServiceImpl - Starting authentication for ekuba...
[DEBUG] 2016-08-19 20:29:24.009 [main] DataConfig$$EnhancerBySpringCGLIB$$24353ab1 - Starting datasource driver...
[DEBUG] 2016-08-19 20:29:24.402 [main] DataConfig$$EnhancerBySpringCGLIB$$24353ab1 - Starting EntityManager...
[DEBUG] 2016-08-19 20:29:27.341 [main] DataConfig$$EnhancerBySpringCGLIB$$24353ab1 - Starting TransactionManager...
[DEBUG] 2016-08-19 20:29:27.714 [main] DataConfig$$EnhancerBySpringCGLIB$$24353ab1 - Configuring Liquibase
[DEBUG] 2016-08-19 20:29:30.036 [main] DataConfig$$EnhancerBySpringCGLIB$$24353ab1 - Starting datasource driver...
[DEBUG] 2016-08-19 20:29:30.082 [main] DataConfig$$EnhancerBySpringCGLIB$$24353ab1 - Starting EntityManager...
[DEBUG] 2016-08-19 20:29:30.930 [main] DataConfig$$EnhancerBySpringCGLIB$$24353ab1 - Starting TransactionManager...
[DEBUG] 2016-08-19 20:29:30.938 [main] DataConfig$$EnhancerBySpringCGLIB$$24353ab1 - Configuring Liquibase
[DEBUG] 2016-08-19 20:29:40.886 [qtp931003277-13] UserDetailsServiceImpl - Starting authentication for ekuba...
[DEBUG] 2016-08-19 20:48:25.880 [main] DataConfig$$EnhancerBySpringCGLIB$$ca816277 - Starting datasource driver...
[DEBUG] 2016-08-19 20:48:26.297 [main] DataConfig$$EnhancerBySpringCGLIB$$ca816277 - Starting EntityManager...
[DEBUG] 2016-08-19 20:48:28.782 [main] DataConfig$$EnhancerBySpringCGLIB$$ca816277 - Starting TransactionManager...
[DEBUG] 2016-08-19 20:48:29.092 [main] DataConfig$$EnhancerBySpringCGLIB$$ca816277 - Configuring Liquibase
[DEBUG] 2016-08-19 20:48:31.454 [main] DataConfig$$EnhancerBySpringCGLIB$$ca816277 - Starting datasource driver...
[DEBUG] 2016-08-19 20:48:31.500 [main] DataConfig$$EnhancerBySpringCGLIB$$ca816277 - Starting EntityManager...
[DEBUG] 2016-08-19 20:48:32.340 [main] DataConfig$$EnhancerBySpringCGLIB$$ca816277 - Starting TransactionManager...
[DEBUG] 2016-08-19 20:48:32.354 [main] DataConfig$$EnhancerBySpringCGLIB$$ca816277 - Configuring Liquibase
[DEBUG] 2016-08-19 20:48:45.771 [qtp1793511544-19] UserDetailsServiceImpl - Starting authentication for ekuba...
[DEBUG] 2016-08-19 22:27:01.541 [main] DataConfig$$EnhancerBySpringCGLIB$$98b61665 - Starting datasource driver...
[DEBUG] 2016-08-19 22:27:01.989 [main] DataConfig$$EnhancerBySpringCGLIB$$98b61665 - Starting EntityManager...
[DEBUG] 2016-08-19 22:27:04.811 [main] DataConfig$$EnhancerBySpringCGLIB$$98b61665 - Starting TransactionManager...
[DEBUG] 2016-08-19 22:27:05.085 [main] DataConfig$$EnhancerBySpringCGLIB$$98b61665 - Configuring Liquibase
[DEBUG] 2016-08-19 22:27:07.250 [main] DataConfig$$EnhancerBySpringCGLIB$$98b61665 - Starting datasource driver...
[DEBUG] 2016-08-19 22:27:07.297 [main] DataConfig$$EnhancerBySpringCGLIB$$98b61665 - Starting EntityManager...
[DEBUG] 2016-08-19 22:27:08.057 [main] DataConfig$$EnhancerBySpringCGLIB$$98b61665 - Starting TransactionManager...
[DEBUG] 2016-08-19 22:27:08.073 [main] DataConfig$$EnhancerBySpringCGLIB$$98b61665 - Configuring Liquibase
[DEBUG] 2016-08-20 11:02:34.760 [main] DataConfig$$EnhancerBySpringCGLIB$$776fa8b - Starting datasource driver...
[DEBUG] 2016-08-20 11:02:35.250 [main] DataConfig$$EnhancerBySpringCGLIB$$776fa8b - Starting EntityManager...
[DEBUG] 2016-08-20 11:02:37.907 [main] DataConfig$$EnhancerBySpringCGLIB$$776fa8b - Starting TransactionManager...
[DEBUG] 2016-08-20 11:02:38.292 [main] DataConfig$$EnhancerBySpringCGLIB$$776fa8b - Configuring Liquibase
[DEBUG] 2016-08-20 11:02:40.764 [main] DataConfig$$EnhancerBySpringCGLIB$$776fa8b - Starting datasource driver...
[DEBUG] 2016-08-20 11:02:40.791 [main] DataConfig$$EnhancerBySpringCGLIB$$776fa8b - Starting EntityManager...
[DEBUG] 2016-08-20 11:02:41.507 [main] DataConfig$$EnhancerBySpringCGLIB$$776fa8b - Starting TransactionManager...
[DEBUG] 2016-08-20 11:02:41.515 [main] DataConfig$$EnhancerBySpringCGLIB$$776fa8b - Configuring Liquibase
[DEBUG] 2016-08-20 11:06:16.215 [qtp1459215931-13] UserDetailsServiceImpl - Starting authentication for ekuba...
[DEBUG] 2016-08-20 11:09:37.342 [qtp1459215931-16] IndexController - Filename is bootstrap-theme.min.css.map
[DEBUG] 2016-08-20 12:10:21.033 [main] DataConfig$$EnhancerBySpringCGLIB$$f47937b - Starting datasource driver...
[DEBUG] 2016-08-20 12:10:21.418 [main] DataConfig$$EnhancerBySpringCGLIB$$f47937b - Starting EntityManager...
[DEBUG] 2016-08-20 12:10:23.943 [main] DataConfig$$EnhancerBySpringCGLIB$$f47937b - Starting TransactionManager...
[DEBUG] 2016-08-20 12:10:24.243 [main] DataConfig$$EnhancerBySpringCGLIB$$f47937b - Configuring Liquibase
[DEBUG] 2016-08-20 12:10:26.489 [main] DataConfig$$EnhancerBySpringCGLIB$$f47937b - Starting datasource driver...
[DEBUG] 2016-08-20 12:10:26.513 [main] DataConfig$$EnhancerBySpringCGLIB$$f47937b - Starting EntityManager...
[DEBUG] 2016-08-20 12:10:27.092 [main] DataConfig$$EnhancerBySpringCGLIB$$f47937b - Starting TransactionManager...
[DEBUG] 2016-08-20 12:10:27.115 [main] DataConfig$$EnhancerBySpringCGLIB$$f47937b - Configuring Liquibase
[DEBUG] 2016-08-20 12:10:43.954 [qtp1038444677-18] UserDetailsServiceImpl - Starting authentication for ekuba...
[DEBUG] 2016-08-20 12:11:23.681 [qtp1038444677-18] UserDetailsServiceImpl - Starting authentication for ekuba...
[DEBUG] 2016-08-20 14:27:45.789 [main] DataConfig$$EnhancerBySpringCGLIB$$960b0862 - Starting datasource driver...
[DEBUG] 2016-08-20 14:27:46.161 [main] DataConfig$$EnhancerBySpringCGLIB$$960b0862 - Starting EntityManager...
[DEBUG] 2016-08-20 14:27:48.907 [main] DataConfig$$EnhancerBySpringCGLIB$$960b0862 - Starting TransactionManager...
[DEBUG] 2016-08-20 14:27:49.289 [main] DataConfig$$EnhancerBySpringCGLIB$$960b0862 - Configuring Liquibase
[DEBUG] 2016-08-20 14:27:51.667 [main] DataConfig$$EnhancerBySpringCGLIB$$960b0862 - Starting datasource driver...
[DEBUG] 2016-08-20 14:27:51.716 [main] DataConfig$$EnhancerBySpringCGLIB$$960b0862 - Starting EntityManager...
[DEBUG] 2016-08-20 14:27:52.551 [main] DataConfig$$EnhancerBySpringCGLIB$$960b0862 - Starting TransactionManager...
[DEBUG] 2016-08-20 14:27:52.559 [main] DataConfig$$EnhancerBySpringCGLIB$$960b0862 - Configuring Liquibase
[DEBUG] 2016-08-20 14:28:54.067 [qtp1729992636-18] UserDetailsServiceImpl - Starting authentication for ekuba...
[DEBUG] 2016-08-20 14:30:36.897 [main] DataConfig$$EnhancerBySpringCGLIB$$b962a53f - Starting datasource driver...
[DEBUG] 2016-08-20 14:30:37.337 [main] DataConfig$$EnhancerBySpringCGLIB$$b962a53f - Starting EntityManager...
[DEBUG] 2016-08-20 14:30:40.178 [main] DataConfig$$EnhancerBySpringCGLIB$$b962a53f - Starting TransactionManager...
[DEBUG] 2016-08-20 14:30:40.539 [main] DataConfig$$EnhancerBySpringCGLIB$$b962a53f - Configuring Liquibase
[DEBUG] 2016-08-20 14:30:42.991 [main] DataConfig$$EnhancerBySpringCGLIB$$b962a53f - Starting datasource driver...
[DEBUG] 2016-08-20 14:30:43.032 [main] DataConfig$$EnhancerBySpringCGLIB$$b962a53f - Starting EntityManager...
[DEBUG] 2016-08-20 14:30:43.900 [main] DataConfig$$EnhancerBySpringCGLIB$$b962a53f - Starting TransactionManager...
[DEBUG] 2016-08-20 14:30:43.910 [main] DataConfig$$EnhancerBySpringCGLIB$$b962a53f - Configuring Liquibase
[DEBUG] 2016-08-20 14:32:19.530 [qtp532068603-16] UserDetailsServiceImpl - Starting authentication for julius...
[DEBUG] 2016-08-20 14:32:49.242 [main] DataConfig$$EnhancerBySpringCGLIB$$a36ce829 - Starting datasource driver...
[DEBUG] 2016-08-20 14:32:49.680 [main] DataConfig$$EnhancerBySpringCGLIB$$a36ce829 - Starting EntityManager...
[DEBUG] 2016-08-20 14:32:52.601 [main] DataConfig$$EnhancerBySpringCGLIB$$a36ce829 - Starting TransactionManager...
[DEBUG] 2016-08-20 14:32:52.898 [main] DataConfig$$EnhancerBySpringCGLIB$$a36ce829 - Configuring Liquibase
[DEBUG] 2016-08-20 14:32:54.967 [main] DataConfig$$EnhancerBySpringCGLIB$$a36ce829 - Starting datasource driver...
[DEBUG] 2016-08-20 14:32:55.010 [main] DataConfig$$EnhancerBySpringCGLIB$$a36ce829 - Starting EntityManager...
[DEBUG] 2016-08-20 14:32:55.847 [main] DataConfig$$EnhancerBySpringCGLIB$$a36ce829 - Starting TransactionManager...
[DEBUG] 2016-08-20 14:32:55.855 [main] DataConfig$$EnhancerBySpringCGLIB$$a36ce829 - Configuring Liquibase
[DEBUG] 2016-08-20 14:33:26.223 [qtp100805003-16] UserDetailsServiceImpl - Starting authentication for julius...
[DEBUG] 2016-08-20 14:35:39.283 [main] DataConfig$$EnhancerBySpringCGLIB$$6cdb2bf7 - Starting datasource driver...
[DEBUG] 2016-08-20 14:35:39.727 [main] DataConfig$$EnhancerBySpringCGLIB$$6cdb2bf7 - Starting EntityManager...
[DEBUG] 2016-08-20 14:35:42.391 [main] DataConfig$$EnhancerBySpringCGLIB$$6cdb2bf7 - Starting TransactionManager...
[DEBUG] 2016-08-20 14:35:42.669 [main] DataConfig$$EnhancerBySpringCGLIB$$6cdb2bf7 - Configuring Liquibase
[DEBUG] 2016-08-20 14:35:45.138 [main] DataConfig$$EnhancerBySpringCGLIB$$6cdb2bf7 - Starting datasource driver...
[DEBUG] 2016-08-20 14:35:45.150 [main] DataConfig$$EnhancerBySpringCGLIB$$6cdb2bf7 - Starting EntityManager...
[DEBUG] 2016-08-20 14:35:45.526 [main] DataConfig$$EnhancerBySpringCGLIB$$6cdb2bf7 - Starting TransactionManager...
[DEBUG] 2016-08-20 14:35:45.532 [main] DataConfig$$EnhancerBySpringCGLIB$$6cdb2bf7 - Configuring Liquibase
[DEBUG] 2016-08-20 14:36:35.756 [main] DataConfig$$EnhancerBySpringCGLIB$$960b0862 - Starting datasource driver...
[DEBUG] 2016-08-20 14:36:36.167 [main] DataConfig$$EnhancerBySpringCGLIB$$960b0862 - Starting EntityManager...
[DEBUG] 2016-08-20 14:36:38.484 [main] DataConfig$$EnhancerBySpringCGLIB$$960b0862 - Starting TransactionManager...
[DEBUG] 2016-08-20 14:36:38.785 [main] DataConfig$$EnhancerBySpringCGLIB$$960b0862 - Configuring Liquibase
[DEBUG] 2016-08-20 14:36:41.236 [main] DataConfig$$EnhancerBySpringCGLIB$$960b0862 - Starting datasource driver...
[DEBUG] 2016-08-20 14:36:41.245 [main] DataConfig$$EnhancerBySpringCGLIB$$960b0862 - Starting EntityManager...
[DEBUG] 2016-08-20 14:36:41.618 [main] DataConfig$$EnhancerBySpringCGLIB$$960b0862 - Starting TransactionManager...
[DEBUG] 2016-08-20 14:36:41.626 [main] DataConfig$$EnhancerBySpringCGLIB$$960b0862 - Configuring Liquibase
[DEBUG] 2016-08-20 14:54:42.700 [main] DataConfig$$EnhancerBySpringCGLIB$$8dfd24d2 - Starting datasource driver...
[DEBUG] 2016-08-20 14:54:43.045 [main] DataConfig$$EnhancerBySpringCGLIB$$8dfd24d2 - Starting EntityManager...
[DEBUG] 2016-08-20 14:54:45.361 [main] DataConfig$$EnhancerBySpringCGLIB$$8dfd24d2 - Starting TransactionManager...
[DEBUG] 2016-08-20 14:54:45.673 [main] DataConfig$$EnhancerBySpringCGLIB$$8dfd24d2 - Configuring Liquibase
[DEBUG] 2016-08-20 14:54:48.274 [main] DataConfig$$EnhancerBySpringCGLIB$$8dfd24d2 - Starting datasource driver...
[DEBUG] 2016-08-20 14:54:48.292 [main] DataConfig$$EnhancerBySpringCGLIB$$8dfd24d2 - Starting EntityManager...
[DEBUG] 2016-08-20 14:54:48.664 [main] DataConfig$$EnhancerBySpringCGLIB$$8dfd24d2 - Starting TransactionManager...
[DEBUG] 2016-08-20 14:54:48.672 [main] DataConfig$$EnhancerBySpringCGLIB$$8dfd24d2 - Configuring Liquibase
[DEBUG] 2016-08-20 14:55:06.333 [qtp1391735333-18] UserDetailsServiceImpl - Starting authentication for ekuba...
[DEBUG] 2016-08-20 15:03:39.985 [main] DataConfig$$EnhancerBySpringCGLIB$$2bd6d433 - Starting datasource driver...
[DEBUG] 2016-08-20 15:03:40.323 [main] DataConfig$$EnhancerBySpringCGLIB$$2bd6d433 - Starting EntityManager...
[DEBUG] 2016-08-20 15:03:42.722 [main] DataConfig$$EnhancerBySpringCGLIB$$2bd6d433 - Starting TransactionManager...
[DEBUG] 2016-08-20 15:03:43.022 [main] DataConfig$$EnhancerBySpringCGLIB$$2bd6d433 - Configuring Liquibase
[DEBUG] 2016-08-20 15:03:45.491 [main] DataConfig$$EnhancerBySpringCGLIB$$2bd6d433 - Starting datasource driver...
[DEBUG] 2016-08-20 15:03:45.503 [main] DataConfig$$EnhancerBySpringCGLIB$$2bd6d433 - Starting EntityManager...
[DEBUG] 2016-08-20 15:03:45.861 [main] DataConfig$$EnhancerBySpringCGLIB$$2bd6d433 - Starting TransactionManager...
[DEBUG] 2016-08-20 15:03:45.867 [main] DataConfig$$EnhancerBySpringCGLIB$$2bd6d433 - Configuring Liquibase
[DEBUG] 2016-08-20 15:13:06.717 [main] DataConfig$$EnhancerBySpringCGLIB$$6bebf340 - Starting datasource driver...
[DEBUG] 2016-08-20 15:13:55.995 [main] DataConfig$$EnhancerBySpringCGLIB$$b754357a - Starting datasource driver...
[DEBUG] 2016-08-20 15:13:56.301 [main] DataConfig$$EnhancerBySpringCGLIB$$b754357a - Starting EntityManager...
[DEBUG] 2016-08-20 15:13:59.304 [main] DataConfig$$EnhancerBySpringCGLIB$$b754357a - Starting TransactionManager...
[DEBUG] 2016-08-20 15:13:59.719 [main] DataConfig$$EnhancerBySpringCGLIB$$b754357a - Configuring Liquibase
[DEBUG] 2016-08-20 15:14:02.000 [main] DataConfig$$EnhancerBySpringCGLIB$$b754357a - Starting datasource driver...
[DEBUG] 2016-08-20 15:14:02.005 [main] DataConfig$$EnhancerBySpringCGLIB$$b754357a - Starting EntityManager...
[DEBUG] 2016-08-20 15:14:02.824 [main] DataConfig$$EnhancerBySpringCGLIB$$b754357a - Starting TransactionManager...
[DEBUG] 2016-08-20 15:14:02.831 [main] DataConfig$$EnhancerBySpringCGLIB$$b754357a - Configuring Liquibase
[DEBUG] 2016-08-20 15:15:12.004 [qtp904355706-18] UserDetailsServiceImpl - Starting authentication for ekuba...
[DEBUG] 2016-08-20 15:19:25.655 [main] DataConfig$$EnhancerBySpringCGLIB$$b754357a - Starting datasource driver...
[DEBUG] 2016-08-20 15:19:26.094 [main] DataConfig$$EnhancerBySpringCGLIB$$b754357a - Starting EntityManager...
[DEBUG] 2016-08-20 15:19:29.181 [main] DataConfig$$EnhancerBySpringCGLIB$$b754357a - Starting TransactionManager...
[DEBUG] 2016-08-20 15:19:29.466 [main] DataConfig$$EnhancerBySpringCGLIB$$b754357a - Configuring Liquibase
[DEBUG] 2016-08-20 15:19:31.953 [main] DataConfig$$EnhancerBySpringCGLIB$$b754357a - Starting datasource driver...
[DEBUG] 2016-08-20 15:19:31.996 [main] DataConfig$$EnhancerBySpringCGLIB$$b754357a - Starting EntityManager...
[DEBUG] 2016-08-20 15:19:32.742 [main] DataConfig$$EnhancerBySpringCGLIB$$b754357a - Starting TransactionManager...
[DEBUG] 2016-08-20 15:19:32.749 [main] DataConfig$$EnhancerBySpringCGLIB$$b754357a - Configuring Liquibase
[DEBUG] 2016-08-21 20:12:38.128 [main] DataConfig$$EnhancerBySpringCGLIB$$8be4d1fe - Starting EntityManager...
[DEBUG] 2016-08-21 20:12:41.702 [main] DataConfig$$EnhancerBySpringCGLIB$$8be4d1fe - Starting datasource driver...
[DEBUG] 2016-08-21 20:12:41.746 [main] DataConfig$$EnhancerBySpringCGLIB$$8be4d1fe - Starting TransactionManager...
[DEBUG] 2016-08-21 20:12:42.110 [main] DataConfig$$EnhancerBySpringCGLIB$$8be4d1fe - Configuring Liquibase...
[DEBUG] 2016-08-21 20:12:44.593 [main] DataConfig$$EnhancerBySpringCGLIB$$8be4d1fe - Starting EntityManager...
[DEBUG] 2016-08-21 20:12:45.836 [main] DataConfig$$EnhancerBySpringCGLIB$$8be4d1fe - Starting datasource driver...
[DEBUG] 2016-08-21 20:12:45.876 [main] DataConfig$$EnhancerBySpringCGLIB$$8be4d1fe - Starting TransactionManager...
[DEBUG] 2016-08-21 20:12:45.886 [main] DataConfig$$EnhancerBySpringCGLIB$$8be4d1fe - Configuring Liquibase...
[DEBUG] 2016-08-21 20:14:18.472 [qtp955979034-19] UserDetailsServiceImpl - Starting authentication for ekuba...
[DEBUG] 2016-08-21 20:21:10.352 [main] DataConfig$$EnhancerBySpringCGLIB$$649778d2 - Starting EntityManager...
[DEBUG] 2016-08-21 20:21:13.578 [main] DataConfig$$EnhancerBySpringCGLIB$$649778d2 - Starting datasource driver...
[DEBUG] 2016-08-21 20:21:13.642 [main] DataConfig$$EnhancerBySpringCGLIB$$649778d2 - Starting TransactionManager...
[DEBUG] 2016-08-21 20:21:14.063 [main] DataConfig$$EnhancerBySpringCGLIB$$649778d2 - Configuring Liquibase...
[DEBUG] 2016-08-21 20:21:16.693 [main] DataConfig$$EnhancerBySpringCGLIB$$649778d2 - Starting EntityManager...
[DEBUG] 2016-08-21 20:21:17.493 [main] DataConfig$$EnhancerBySpringCGLIB$$649778d2 - Starting datasource driver...
[DEBUG] 2016-08-21 20:21:17.535 [main] DataConfig$$EnhancerBySpringCGLIB$$649778d2 - Starting TransactionManager...
[DEBUG] 2016-08-21 20:21:17.544 [main] DataConfig$$EnhancerBySpringCGLIB$$649778d2 - Configuring Liquibase...
[DEBUG] 2016-08-21 21:45:41.113 [qtp739101205-18] UserDetailsServiceImpl - Starting authentication for juliuskr@stlghana.com...
[DEBUG] 2016-08-21 21:45:53.025 [qtp739101205-16] UserDetailsServiceImpl - Starting authentication for julius...
[DEBUG] 2016-08-21 22:45:15.537 [main] DataConfig$$EnhancerBySpringCGLIB$$501cc332 - Starting EntityManager...
[DEBUG] 2016-08-21 22:45:18.307 [main] DataConfig$$EnhancerBySpringCGLIB$$501cc332 - Starting datasource driver...
[DEBUG] 2016-08-21 22:45:18.326 [main] DataConfig$$EnhancerBySpringCGLIB$$501cc332 - Starting TransactionManager...
[DEBUG] 2016-08-21 22:45:18.654 [main] DataConfig$$EnhancerBySpringCGLIB$$501cc332 - Configuring Liquibase...
[DEBUG] 2016-08-21 22:45:21.882 [main] DataConfig$$EnhancerBySpringCGLIB$$501cc332 - Starting EntityManager...
[DEBUG] 2016-08-21 22:45:22.349 [main] DataConfig$$EnhancerBySpringCGLIB$$501cc332 - Starting datasource driver...
[DEBUG] 2016-08-21 22:45:22.359 [main] DataConfig$$EnhancerBySpringCGLIB$$501cc332 - Starting TransactionManager...
[DEBUG] 2016-08-21 22:45:22.366 [main] DataConfig$$EnhancerBySpringCGLIB$$501cc332 - Configuring Liquibase...
[DEBUG] 2016-08-21 22:45:53.192 [qtp365880880-19] UserDetailsServiceImpl - Starting authentication for ekuba...
[DEBUG] 2016-08-21 23:05:03.749 [qtp365880880-19] UserDetailsServiceImpl - Starting authentication for ekuba...
[DEBUG] 2016-08-21 23:05:16.689 [qtp365880880-14] UserDetailsServiceImpl - Starting authentication for ekuba...
[DEBUG] 2016-08-21 23:05:53.998 [qtp365880880-18] UserDetailsServiceImpl - Starting authentication for julius...
[DEBUG] 2016-08-21 23:19:27.588 [main] DataConfig$$EnhancerBySpringCGLIB$$4bad968b - Starting EntityManager...
[DEBUG] 2016-08-21 23:19:30.342 [main] DataConfig$$EnhancerBySpringCGLIB$$4bad968b - Starting datasource driver...
[DEBUG] 2016-08-21 23:19:30.363 [main] DataConfig$$EnhancerBySpringCGLIB$$4bad968b - Starting TransactionManager...
[DEBUG] 2016-08-21 23:19:30.685 [main] DataConfig$$EnhancerBySpringCGLIB$$4bad968b - Configuring Liquibase...
[DEBUG] 2016-08-21 23:19:33.662 [main] DataConfig$$EnhancerBySpringCGLIB$$4bad968b - Starting EntityManager...
[DEBUG] 2016-08-21 23:19:34.032 [main] DataConfig$$EnhancerBySpringCGLIB$$4bad968b - Starting datasource driver...
[DEBUG] 2016-08-21 23:19:34.043 [main] DataConfig$$EnhancerBySpringCGLIB$$4bad968b - Starting TransactionManager...
[DEBUG] 2016-08-21 23:19:34.048 [main] DataConfig$$EnhancerBySpringCGLIB$$4bad968b - Configuring Liquibase...
[DEBUG] 2016-08-21 23:19:52.807 [qtp548009467-15] UserDetailsServiceImpl - Starting authentication for julius...
[DEBUG] 2016-08-21 23:20:53.634 [qtp548009467-18] UserController - Filename is 
[DEBUG] 2016-08-21 23:21:13.616 [qtp548009467-16] UserController - Filename is 
[DEBUG] 2016-08-21 23:23:20.000 [qtp548009467-16] UserController - Filename is 
[DEBUG] 2016-08-21 23:27:21.693 [main] DataConfig$$EnhancerBySpringCGLIB$$dfa879bb - Starting EntityManager...
[DEBUG] 2016-08-21 23:27:24.368 [main] DataConfig$$EnhancerBySpringCGLIB$$dfa879bb - Starting datasource driver...
[DEBUG] 2016-08-21 23:27:24.387 [main] DataConfig$$EnhancerBySpringCGLIB$$dfa879bb - Starting TransactionManager...
[DEBUG] 2016-08-21 23:27:24.672 [main] DataConfig$$EnhancerBySpringCGLIB$$dfa879bb - Configuring Liquibase...
[DEBUG] 2016-08-21 23:27:27.495 [main] DataConfig$$EnhancerBySpringCGLIB$$dfa879bb - Starting EntityManager...
[DEBUG] 2016-08-21 23:27:27.947 [main] DataConfig$$EnhancerBySpringCGLIB$$dfa879bb - Starting datasource driver...
[DEBUG] 2016-08-21 23:27:27.957 [main] DataConfig$$EnhancerBySpringCGLIB$$dfa879bb - Starting TransactionManager...
[DEBUG] 2016-08-21 23:27:27.965 [main] DataConfig$$EnhancerBySpringCGLIB$$dfa879bb - Configuring Liquibase...
[DEBUG] 2016-08-21 23:28:09.691 [qtp715027790-19] UserDetailsServiceImpl - Starting authentication for juliuskr@stlghana.com...
[DEBUG] 2016-08-21 23:28:24.079 [qtp715027790-16] UserDetailsServiceImpl - Starting authentication for julius...
[DEBUG] 2016-08-21 23:28:30.262 [qtp715027790-15] UserController - Filename is 
[DEBUG] 2016-08-21 23:28:32.777 [qtp715027790-12] UserController - Filename is 
[DEBUG] 2016-08-21 23:28:33.864 [qtp715027790-13] UserController - Filename is 
[DEBUG] 2016-08-21 23:28:34.632 [qtp715027790-15] UserController - Filename is 
[DEBUG] 2016-08-21 23:28:35.430 [qtp715027790-13] UserController - Filename is 
[DEBUG] 2016-08-21 23:40:40.060 [qtp715027790-13] UserDetailsServiceImpl - Starting authentication for ekuba...
[DEBUG] 2016-08-21 23:40:45.755 [qtp715027790-19] UserController - Filename is 
[DEBUG] 2016-08-21 23:54:19.418 [main] DataConfig$$EnhancerBySpringCGLIB$$7b89a5a7 - Starting EntityManager...
[DEBUG] 2016-08-21 23:54:22.050 [main] DataConfig$$EnhancerBySpringCGLIB$$7b89a5a7 - Starting datasource driver...
[DEBUG] 2016-08-21 23:54:22.073 [main] DataConfig$$EnhancerBySpringCGLIB$$7b89a5a7 - Starting TransactionManager...
[DEBUG] 2016-08-21 23:54:22.423 [main] DataConfig$$EnhancerBySpringCGLIB$$7b89a5a7 - Configuring Liquibase...
[DEBUG] 2016-08-21 23:54:25.346 [main] DataConfig$$EnhancerBySpringCGLIB$$7b89a5a7 - Starting EntityManager...
[DEBUG] 2016-08-21 23:54:25.706 [main] DataConfig$$EnhancerBySpringCGLIB$$7b89a5a7 - Starting datasource driver...
[DEBUG] 2016-08-21 23:54:25.718 [main] DataConfig$$EnhancerBySpringCGLIB$$7b89a5a7 - Starting TransactionManager...
[DEBUG] 2016-08-21 23:54:25.725 [main] DataConfig$$EnhancerBySpringCGLIB$$7b89a5a7 - Configuring Liquibase...
[DEBUG] 2016-08-21 23:54:45.049 [qtp1943699208-14] UserDetailsServiceImpl - Starting authentication for ekuba...
[DEBUG] 2016-08-21 23:54:53.682 [qtp1943699208-14] UserController - Filename is 
[DEBUG] 2016-08-21 23:58:40.024 [qtp1943699208-15] UserDetailsServiceImpl - Starting authentication for ekuba...
[DEBUG] 2016-08-21 23:59:09.740 [qtp1943699208-17] UserDetailsServiceImpl - Starting authentication for ekuba...
[DEBUG] 2016-08-22 00:02:58.430 [qtp1943699208-16] UserDetailsServiceImpl - Starting authentication for ekuba...
